Real_Time_Situation (
   Model_Name         => edf_rta_calculus,
   Model_Date         => 2019-01-01,
   Generation_Tool    => "MAST Schedulability Analysis, version 1.3.7.8",
   Generation_Profile => "./mast_analysis edf_monoprocessor /home/aquox/Scrivania/Arm/MASTinputEDF.txt /home/aquox/Scrivania/Arm/edf-example.out",
   Generation_Date    => 2019-07-22T16:52:15);

Transaction (
   Name     => t1,
   Results  => 
       ((Type                          => Timing_Result,
         Event_Name                    => o1,
         Num_Of_Suspensions            => 0,
         Worst_Blocking_Time           => 0.000,
         Worst_Global_Response_Times   => 
            ((Referenced_Event => e1,
              Time_Value       => 82155.00)),
         Best_Global_Response_Times    => 
            ((Referenced_Event => e1,
              Time_Value       => 0.000)),
         Jitters                       => 
            ((Referenced_Event => e1,
              Time_Value       => 82155.00)))));

Transaction (
   Name     => t2,
   Results  => 
       ((Type                          => Timing_Result,
         Event_Name                    => o2,
         Num_Of_Suspensions            => 0,
         Worst_Blocking_Time           => 0.000,
         Worst_Global_Response_Times   => 
            ((Referenced_Event => e2,
              Time_Value       => 102155.00)),
         Best_Global_Response_Times    => 
            ((Referenced_Event => e2,
              Time_Value       => 0.000)),
         Jitters                       => 
            ((Referenced_Event => e2,
              Time_Value       => 102155.00)))));

Transaction (
   Name     => t3,
   Results  => 
       ((Type                          => Timing_Result,
         Event_Name                    => o3,
         Num_Of_Suspensions            => 0,
         Worst_Blocking_Time           => 0.000,
         Worst_Global_Response_Times   => 
            ((Referenced_Event => e3,
              Time_Value       => 642155.00)),
         Best_Global_Response_Times    => 
            ((Referenced_Event => e3,
              Time_Value       => 0.000)),
         Jitters                       => 
            ((Referenced_Event => e3,
              Time_Value       => 642155.00)))));

Transaction (
   Name     => t4,
   Results  => 
       ((Type                          => Timing_Result,
         Event_Name                    => o4,
         Num_Of_Suspensions            => 0,
         Worst_Blocking_Time           => 0.000,
         Worst_Global_Response_Times   => 
            ((Referenced_Event => e4,
              Time_Value       => 742155.00)),
         Best_Global_Response_Times    => 
            ((Referenced_Event => e4,
              Time_Value       => 0.000)),
         Jitters                       => 
            ((Referenced_Event => e4,
              Time_Value       => 742155.00)))));

