Real_Time_Situation (
   Model_Name         => fps,
   Model_Date         => 2004-12-01,
   Generation_Tool    => "MAST Schedulability Analysis, version 1.3.7.8",
   Generation_Profile => "./mast_analysis classic_rm /home/aquox/Scrivania/Arm/fps_example.txt /home/aquox/Scrivania/Arm/fps-example.out",
   Generation_Date    => 2019-08-09T15:47:33);

Transaction (
   Name     => t1,
   Results  => 
       ((Type                          => Timing_Result,
         Event_Name                    => o1,
         Num_Of_Suspensions            => 0,
         Worst_Blocking_Time           => 0.000,
         Worst_Global_Response_Times   => 
            ((Referenced_Event => e1,
              Time_Value       => 2.000)),
         Best_Global_Response_Times    => 
            ((Referenced_Event => e1,
              Time_Value       => 0.000)),
         Jitters                       => 
            ((Referenced_Event => e1,
              Time_Value       => 2.000)))));

Transaction (
   Name     => t2,
   Results  => 
       ((Type                          => Timing_Result,
         Event_Name                    => o2,
         Num_Of_Suspensions            => 0,
         Worst_Blocking_Time           => 0.000,
         Worst_Global_Response_Times   => 
            ((Referenced_Event => e2,
              Time_Value       => 3.000)),
         Best_Global_Response_Times    => 
            ((Referenced_Event => e2,
              Time_Value       => 0.000)),
         Jitters                       => 
            ((Referenced_Event => e2,
              Time_Value       => 3.000)))));

Transaction (
   Name     => t3,
   Results  => 
       ((Type                          => Timing_Result,
         Event_Name                    => o3,
         Num_Of_Suspensions            => 0,
         Worst_Blocking_Time           => 0.000,
         Worst_Global_Response_Times   => 
            ((Referenced_Event => e3,
              Time_Value       => 11.000)),
         Best_Global_Response_Times    => 
            ((Referenced_Event => e3,
              Time_Value       => 0.000)),
         Jitters                       => 
            ((Referenced_Event => e3,
              Time_Value       => 11.000)))));

