Real_Time_Situation (
   Model_Name         => fps_rta_calculus,
   Model_Date         => 2019-01-01,
   Generation_Tool    => "MAST Schedulability Analysis, version 1.3.7.8",
   Generation_Profile => "../mast/mast_analysis/mast_analysis classic_rm ../MASTinput.txt ../MASTinput.out",
   Generation_Date    => 2019-08-25T13:16:13);

Transaction (
   Name     => t1,
   Results  => 
       ((Type                          => Timing_Result,
         Event_Name                    => o1,
         Num_Of_Suspensions            => 0,
         Worst_Blocking_Time           => 0.000,
         Worst_Global_Response_Times   => 
            ((Referenced_Event => e1,
              Time_Value       => 437.000)),
         Best_Global_Response_Times    => 
            ((Referenced_Event => e1,
              Time_Value       => 0.000)),
         Jitters                       => 
            ((Referenced_Event => e1,
              Time_Value       => 437.000)))));

Transaction (
   Name     => t2,
   Results  => 
       ((Type                          => Timing_Result,
         Event_Name                    => o2,
         Num_Of_Suspensions            => 0,
         Worst_Blocking_Time           => 0.000,
         Worst_Global_Response_Times   => 
            ((Referenced_Event => e2,
              Time_Value       => 488.000)),
         Best_Global_Response_Times    => 
            ((Referenced_Event => e2,
              Time_Value       => 0.000)),
         Jitters                       => 
            ((Referenced_Event => e2,
              Time_Value       => 488.000)))));

Transaction (
   Name     => t3,
   Results  => 
       ((Type                          => Timing_Result,
         Event_Name                    => o3,
         Num_Of_Suspensions            => 0,
         Worst_Blocking_Time           => 0.000,
         Worst_Global_Response_Times   => 
            ((Referenced_Event => e3,
              Time_Value       => 1017.00)),
         Best_Global_Response_Times    => 
            ((Referenced_Event => e3,
              Time_Value       => 0.000)),
         Jitters                       => 
            ((Referenced_Event => e3,
              Time_Value       => 1017.00)))));

Transaction (
   Name     => t4,
   Results  => 
       ((Type                          => Timing_Result,
         Event_Name                    => o4,
         Num_Of_Suspensions            => 0,
         Worst_Blocking_Time           => 0.000,
         Worst_Global_Response_Times   => 
            ((Referenced_Event => e4,
              Time_Value       => 1903.00)),
         Best_Global_Response_Times    => 
            ((Referenced_Event => e4,
              Time_Value       => 0.000)),
         Jitters                       => 
            ((Referenced_Event => e4,
              Time_Value       => 1903.00)))));

Transaction (
   Name     => t5,
   Results  => 
       ((Type                          => Timing_Result,
         Event_Name                    => o5,
         Num_Of_Suspensions            => 0,
         Worst_Blocking_Time           => 0.000,
         Worst_Global_Response_Times   => 
            ((Referenced_Event => e5,
              Time_Value       => 3734.00)),
         Best_Global_Response_Times    => 
            ((Referenced_Event => e5,
              Time_Value       => 0.000)),
         Jitters                       => 
            ((Referenced_Event => e5,
              Time_Value       => 3734.00)))));

Transaction (
   Name     => t6,
   Results  => 
       ((Type                          => Timing_Result,
         Event_Name                    => o6,
         Num_Of_Suspensions            => 0,
         Worst_Blocking_Time           => 0.000,
         Worst_Global_Response_Times   => 
            ((Referenced_Event => e6,
              Time_Value       => 6188.00)),
         Best_Global_Response_Times    => 
            ((Referenced_Event => e6,
              Time_Value       => 0.000)),
         Jitters                       => 
            ((Referenced_Event => e6,
              Time_Value       => 6188.00)))));

Transaction (
   Name     => t7,
   Results  => 
       ((Type                          => Timing_Result,
         Event_Name                    => o7,
         Num_Of_Suspensions            => 0,
         Worst_Blocking_Time           => 0.000,
         Worst_Global_Response_Times   => 
            ((Referenced_Event => e7,
              Time_Value       => 7745.00)),
         Best_Global_Response_Times    => 
            ((Referenced_Event => e7,
              Time_Value       => 0.000)),
         Jitters                       => 
            ((Referenced_Event => e7,
              Time_Value       => 7745.00)))));

Transaction (
   Name     => t8,
   Results  => 
       ((Type                          => Timing_Result,
         Event_Name                    => o8,
         Num_Of_Suspensions            => 0,
         Worst_Blocking_Time           => 0.000,
         Worst_Global_Response_Times   => 
            ((Referenced_Event => e8,
              Time_Value       => 10885.00)),
         Best_Global_Response_Times    => 
            ((Referenced_Event => e8,
              Time_Value       => 0.000)),
         Jitters                       => 
            ((Referenced_Event => e8,
              Time_Value       => 10885.00)))));

Transaction (
   Name     => t9,
   Results  => 
       ((Type                          => Timing_Result,
         Event_Name                    => o9,
         Num_Of_Suspensions            => 0,
         Worst_Blocking_Time           => 0.000,
         Worst_Global_Response_Times   => 
            ((Referenced_Event => e9,
              Time_Value       => 12059.00)),
         Best_Global_Response_Times    => 
            ((Referenced_Event => e9,
              Time_Value       => 0.000)),
         Jitters                       => 
            ((Referenced_Event => e9,
              Time_Value       => 12059.00)))));

Transaction (
   Name     => t10,
   Results  => 
       ((Type                          => Timing_Result,
         Event_Name                    => o10,
         Num_Of_Suspensions            => 0,
         Worst_Blocking_Time           => 0.000,
         Worst_Global_Response_Times   => 
            ((Referenced_Event => e10,
              Time_Value       => 14005.00)),
         Best_Global_Response_Times    => 
            ((Referenced_Event => e10,
              Time_Value       => 0.000)),
         Jitters                       => 
            ((Referenced_Event => e10,
              Time_Value       => 14005.00)))));

Transaction (
   Name     => t11,
   Results  => 
       ((Type                          => Timing_Result,
         Event_Name                    => o11,
         Num_Of_Suspensions            => 0,
         Worst_Blocking_Time           => 0.000,
         Worst_Global_Response_Times   => 
            ((Referenced_Event => e11,
              Time_Value       => 15459.00)),
         Best_Global_Response_Times    => 
            ((Referenced_Event => e11,
              Time_Value       => 0.000)),
         Jitters                       => 
            ((Referenced_Event => e11,
              Time_Value       => 15459.00)))));

Transaction (
   Name     => t12,
   Results  => 
       ((Type                          => Timing_Result,
         Event_Name                    => o12,
         Num_Of_Suspensions            => 0,
         Worst_Blocking_Time           => 0.000,
         Worst_Global_Response_Times   => 
            ((Referenced_Event => e12,
              Time_Value       => 20150.00)),
         Best_Global_Response_Times    => 
            ((Referenced_Event => e12,
              Time_Value       => 0.000)),
         Jitters                       => 
            ((Referenced_Event => e12,
              Time_Value       => 20150.00)))));

Transaction (
   Name     => t13,
   Results  => 
       ((Type                          => Timing_Result,
         Event_Name                    => o13,
         Num_Of_Suspensions            => 0,
         Worst_Blocking_Time           => 0.000,
         Worst_Global_Response_Times   => 
            ((Referenced_Event => e13,
              Time_Value       => 21639.00)),
         Best_Global_Response_Times    => 
            ((Referenced_Event => e13,
              Time_Value       => 0.000)),
         Jitters                       => 
            ((Referenced_Event => e13,
              Time_Value       => 21639.00)))));

Transaction (
   Name     => t14,
   Results  => 
       ((Type                          => Timing_Result,
         Event_Name                    => o14,
         Num_Of_Suspensions            => 0,
         Worst_Blocking_Time           => 0.000,
         Worst_Global_Response_Times   => 
            ((Referenced_Event => e14,
              Time_Value       => 24161.00)),
         Best_Global_Response_Times    => 
            ((Referenced_Event => e14,
              Time_Value       => 0.000)),
         Jitters                       => 
            ((Referenced_Event => e14,
              Time_Value       => 24161.00)))));

Transaction (
   Name     => t15,
   Results  => 
       ((Type                          => Timing_Result,
         Event_Name                    => o15,
         Num_Of_Suspensions            => 0,
         Worst_Blocking_Time           => 0.000,
         Worst_Global_Response_Times   => 
            ((Referenced_Event => e15,
              Time_Value       => 27506.00)),
         Best_Global_Response_Times    => 
            ((Referenced_Event => e15,
              Time_Value       => 0.000)),
         Jitters                       => 
            ((Referenced_Event => e15,
              Time_Value       => 27506.00)))));

Transaction (
   Name     => t16,
   Results  => 
       ((Type                          => Timing_Result,
         Event_Name                    => o16,
         Num_Of_Suspensions            => 0,
         Worst_Blocking_Time           => 0.000,
         Worst_Global_Response_Times   => 
            ((Referenced_Event => e16,
              Time_Value       => 44166.00)),
         Best_Global_Response_Times    => 
            ((Referenced_Event => e16,
              Time_Value       => 0.000)),
         Jitters                       => 
            ((Referenced_Event => e16,
              Time_Value       => 44166.00)))));

Transaction (
   Name     => t17,
   Results  => 
       ((Type                          => Timing_Result,
         Event_Name                    => o17,
         Num_Of_Suspensions            => 0,
         Worst_Blocking_Time           => 0.000,
         Worst_Global_Response_Times   => 
            ((Referenced_Event => e17,
              Time_Value       => 55144.00)),
         Best_Global_Response_Times    => 
            ((Referenced_Event => e17,
              Time_Value       => 0.000)),
         Jitters                       => 
            ((Referenced_Event => e17,
              Time_Value       => 55144.00)))));

Transaction (
   Name     => t18,
   Results  => 
       ((Type                          => Timing_Result,
         Event_Name                    => o18,
         Num_Of_Suspensions            => 0,
         Worst_Blocking_Time           => 0.000,
         Worst_Global_Response_Times   => 
            ((Referenced_Event => e18,
              Time_Value       => 88923.00)),
         Best_Global_Response_Times    => 
            ((Referenced_Event => e18,
              Time_Value       => 0.000)),
         Jitters                       => 
            ((Referenced_Event => e18,
              Time_Value       => 88923.00)))));

Transaction (
   Name     => t19,
   Results  => 
       ((Type                          => Timing_Result,
         Event_Name                    => o19,
         Num_Of_Suspensions            => 0,
         Worst_Blocking_Time           => 0.000,
         Worst_Global_Response_Times   => 
            ((Referenced_Event => e19,
              Time_Value       => 89343.00)),
         Best_Global_Response_Times    => 
            ((Referenced_Event => e19,
              Time_Value       => 0.000)),
         Jitters                       => 
            ((Referenced_Event => e19,
              Time_Value       => 89343.00)))));

Transaction (
   Name     => t20,
   Results  => 
       ((Type                          => Timing_Result,
         Event_Name                    => o20,
         Num_Of_Suspensions            => 0,
         Worst_Blocking_Time           => 0.000,
         Worst_Global_Response_Times   => 
            ((Referenced_Event => e20,
              Time_Value       => 554103.00)),
         Best_Global_Response_Times    => 
            ((Referenced_Event => e20,
              Time_Value       => 0.000)),
         Jitters                       => 
            ((Referenced_Event => e20,
              Time_Value       => 554103.00)))));

