Initializing error report...
 1   Model (
 2      Model_Name  => EDF_RTA_CALCULUS,
 3      Model_Date  => 2019-01-01);
 5   Processing_Resource (
 6           Type => Regular_Processor,
 7           Name => Processor_1);
 9   Scheduler (
 10          Type  => Primary_Scheduler,
 11          Name  => EDF_Scheduler,
 12          Host  => Processor_1,
 13          Policy =>
 14             (Type => EDF,
 15        Worst_Context_Switch => 9));
 16  Scheduling_Server (
 17          Type                    => Regular,
 18          Name                    => SC1,
 19          Server_Sched_Parameters => (
 20                  Type        => EDF_policy,
 21                  Deadline    => 15750,
 22                  Preassigned => No),
 23          Scheduler               => EDF_Scheduler);
 24  Scheduling_Server (
 25          Type                    => Regular,
 26          Name                    => SC2,
 27          Server_Sched_Parameters => (
 28                  Type        => EDF_policy,
 29                  Deadline    => 22500,
 30                  Preassigned => No),
 31          Scheduler               => EDF_Scheduler);
 32  Scheduling_Server (
 33          Type                    => Regular,
 34          Name                    => SC3,
 35          Server_Sched_Parameters => (
 36                  Type        => EDF_policy,
 37                  Deadline    => 25200,
 38                  Preassigned => No),
 39          Scheduler               => EDF_Scheduler);
 40  Scheduling_Server (
 41          Type                    => Regular,
 42          Name                    => SC4,
 43          Server_Sched_Parameters => (
 44                  Type        => EDF_policy,
 45                  Deadline    => 39375,
 46                  Preassigned => No),
 47          Scheduler               => EDF_Scheduler);
 48  Scheduling_Server (
 49          Type                    => Regular,
 50          Name                    => SC5,
 51          Server_Sched_Parameters => (
 52                  Type        => EDF_policy,
 53                  Deadline    => 42000,
 54                  Preassigned => No),
 55          Scheduler               => EDF_Scheduler);
 56  Scheduling_Server (
 57          Type                    => Regular,
 58          Name                    => SC6,
 59          Server_Sched_Parameters => (
 60                  Type        => EDF_policy,
 61                  Deadline    => 45000,
 62                  Preassigned => No),
 63          Scheduler               => EDF_Scheduler);
 64  Scheduling_Server (
 65          Type                    => Regular,
 66          Name                    => SC7,
 67          Server_Sched_Parameters => (
 68                  Type        => EDF_policy,
 69                  Deadline    => 52500,
 70                  Preassigned => No),
 71          Scheduler               => EDF_Scheduler);
 72  Scheduling_Server (
 73          Type                    => Regular,
 74          Name                    => SC8,
 75          Server_Sched_Parameters => (
 76                  Type        => EDF_policy,
 77                  Deadline    => 56250,
 78                  Preassigned => No),
 79          Scheduler               => EDF_Scheduler);
 80  Scheduling_Server (
 81          Type                    => Regular,
 82          Name                    => SC9,
 83          Server_Sched_Parameters => (
 84                  Type        => EDF_policy,
 85                  Deadline    => 56700,
 86                  Preassigned => No),
 87          Scheduler               => EDF_Scheduler);
 88  Scheduling_Server (
 89          Type                    => Regular,
 90          Name                    => SC10,
 91          Server_Sched_Parameters => (
 92                  Type        => EDF_policy,
 93                  Deadline    => 60480,
 94                  Preassigned => No),
 95          Scheduler               => EDF_Scheduler);
 96  Scheduling_Server (
 97          Type                    => Regular,
 98          Name                    => SC11,
 99          Server_Sched_Parameters => (
 100                 Type        => EDF_policy,
 101                 Deadline    => 65625,
 102                 Preassigned => No),
 103         Scheduler               => EDF_Scheduler);
 104 Scheduling_Server (
 105         Type                    => Regular,
 106         Name                    => SC12,
 107         Server_Sched_Parameters => (
 108                 Type        => EDF_policy,
 109                 Deadline    => 70000,
 110                 Preassigned => No),
 111         Scheduler               => EDF_Scheduler);
 112 Scheduling_Server (
 113         Type                    => Regular,
 114         Name                    => SC13,
 115         Server_Sched_Parameters => (
 116                 Type        => EDF_policy,
 117                 Deadline    => 72000,
 118                 Preassigned => No),
 119         Scheduler               => EDF_Scheduler);
 120 Scheduling_Server (
 121         Type                    => Regular,
 122         Name                    => SC14,
 123         Server_Sched_Parameters => (
 124                 Type        => EDF_policy,
 125                 Deadline    => 75600,
 126                 Preassigned => No),
 127         Scheduler               => EDF_Scheduler);
 128 Scheduling_Server (
 129         Type                    => Regular,
 130         Name                    => SC15,
 131         Server_Sched_Parameters => (
 132                 Type        => EDF_policy,
 133                 Deadline    => 84375,
 134                 Preassigned => No),
 135         Scheduler               => EDF_Scheduler);
 136 Scheduling_Server (
 137         Type                    => Regular,
 138         Name                    => SC16,
 139         Server_Sched_Parameters => (
 140                 Type        => EDF_policy,
 141                 Deadline    => 87500,
 142                 Preassigned => No),
 143         Scheduler               => EDF_Scheduler);
 144 Scheduling_Server (
 145         Type                    => Regular,
 146         Name                    => SC17,
 147         Server_Sched_Parameters => (
 148                 Type        => EDF_policy,
 149                 Deadline    => 90000,
 150                 Preassigned => No),
 151         Scheduler               => EDF_Scheduler);
 152 Scheduling_Server (
 153         Type                    => Regular,
 154         Name                    => SC18,
 155         Server_Sched_Parameters => (
 156                 Type        => EDF_policy,
 157                 Deadline    => 90720,
 158                 Preassigned => No),
 159         Scheduler               => EDF_Scheduler);
 160 Scheduling_Server (
 161         Type                    => Regular,
 162         Name                    => SC19,
 163         Server_Sched_Parameters => (
 164                 Type        => EDF_policy,
 165                 Deadline    => 94500,
 166                 Preassigned => No),
 167         Scheduler               => EDF_Scheduler);
 168 Scheduling_Server (
 169         Type                    => Regular,
 170         Name                    => SC20,
 171         Server_Sched_Parameters => (
 172                 Type        => EDF_policy,
 173                 Deadline    => 100000,
 174                 Preassigned => No),
 175         Scheduler               => EDF_Scheduler);
 176 Operation (
 177         Type    => Simple,
 178         Name    => C1,
 179         Worst_Case_Execution_Time => 276);
 180 Operation (
 181         Type    => Simple,
 182         Name    => C2,
 183         Worst_Case_Execution_Time => 213);
 184 Operation (
 185         Type    => Simple,
 186         Name    => C3,
 187         Worst_Case_Execution_Time => 217);
 188 Operation (
 189         Type    => Simple,
 190         Name    => C4,
 191         Worst_Case_Execution_Time => 2569);
 192 Operation (
 193         Type    => Simple,
 194         Name    => C5,
 195         Worst_Case_Execution_Time => 5360);
 196 Operation (
 197         Type    => Simple,
 198         Name    => C6,
 199         Worst_Case_Execution_Time => 2844);
 200 Operation (
 201         Type    => Simple,
 202         Name    => C7,
 203         Worst_Case_Execution_Time => 2466);
 204 Operation (
 205         Type    => Simple,
 206         Name    => C8,
 207         Worst_Case_Execution_Time => 1023);
 208 Operation (
 209         Type    => Simple,
 210         Name    => C9,
 211         Worst_Case_Execution_Time => 2671);
 212 Operation (
 213         Type    => Simple,
 214         Name    => C10,
 215         Worst_Case_Execution_Time => 802);
 216 Operation (
 217         Type    => Simple,
 218         Name    => C11,
 219         Worst_Case_Execution_Time => 1115);
 220 Operation (
 221         Type    => Simple,
 222         Name    => C12,
 223         Worst_Case_Execution_Time => 413);
 224 Operation (
 225         Type    => Simple,
 226         Name    => C13,
 227         Worst_Case_Execution_Time => 3825);
 228 Operation (
 229         Type    => Simple,
 230         Name    => C14,
 231         Worst_Case_Execution_Time => 7644);
 232 Operation (
 233         Type    => Simple,
 234         Name    => C15,
 235         Worst_Case_Execution_Time => 1474);
 236 Operation (
 237         Type    => Simple,
 238         Name    => C16,
 239         Worst_Case_Execution_Time => 15628);
 240 Operation (
 241         Type    => Simple,
 242         Name    => C17,
 243         Worst_Case_Execution_Time => 11761);
 244 Operation (
 245         Type    => Simple,
 246         Name    => C18,
 247         Worst_Case_Execution_Time => 347);
 248 Operation (
 249         Type    => Simple,
 250         Name    => C19,
 251         Worst_Case_Execution_Time => 2506);
 252 Operation (
 253         Type    => Simple,
 254         Name    => C20,
 255         Worst_Case_Execution_Time => 2496);
 256 Transaction (
 257         Type    => Regular,
 258         Name    => T1,
 259         External_Events => (
 260                 (Type   => Periodic,
 261                  Name   => E1,
 262                  Period => 15750)),
 263         Internal_Events => (
 264                 (Type   => regular,
 265                  name   => O1,
 266                  Timing_Requirements => (
 267                          Type             => Hard_Global_Deadline,
 268                          Deadline         => 15750,
 269                          referenced_event => E1))),
 270         Event_Handlers => (
 271                 (Type                => Activity,
 272                  Input_Event         => E1,
 273                  Output_Event        => O1,
 274                  Activity_Operation  => C1,
 275                  Activity_Server     => SC1)));
 276 Transaction (
 277         Type    => Regular,
 278         Name    => T2,
 279         External_Events => (
 280                 (Type   => Periodic,
 281                  Name   => E2,
 282                  Period => 22500)),
 283         Internal_Events => (
 284                 (Type   => regular,
 285                  name   => O2,
 286                  Timing_Requirements => (
 287                          Type             => Hard_Global_Deadline,
 288                          Deadline         => 22500,
 289                          referenced_event => E2))),
 290         Event_Handlers => (
 291                 (Type                => Activity,
 292                  Input_Event         => E2,
 293                  Output_Event        => O2,
 294                  Activity_Operation  => C2,
 295                  Activity_Server     => SC2)));
 296 Transaction (
 297         Type    => Regular,
 298         Name    => T3,
 299         External_Events => (
 300                 (Type   => Periodic,
 301                  Name   => E3,
 302                  Period => 25200)),
 303         Internal_Events => (
 304                 (Type   => regular,
 305                  name   => O3,
 306                  Timing_Requirements => (
 307                          Type             => Hard_Global_Deadline,
 308                          Deadline         => 25200,
 309                          referenced_event => E3))),
 310         Event_Handlers => (
 311                 (Type                => Activity,
 312                  Input_Event         => E3,
 313                  Output_Event        => O3,
 314                  Activity_Operation  => C3,
 315                  Activity_Server     => SC3)));
 316 Transaction (
 317         Type    => Regular,
 318         Name    => T4,
 319         External_Events => (
 320                 (Type   => Periodic,
 321                  Name   => E4,
 322                  Period => 39375)),
 323         Internal_Events => (
 324                 (Type   => regular,
 325                  name   => O4,
 326                  Timing_Requirements => (
 327                          Type             => Hard_Global_Deadline,
 328                          Deadline         => 39375,
 329                          referenced_event => E4))),
 330         Event_Handlers => (
 331                 (Type                => Activity,
 332                  Input_Event         => E4,
 333                  Output_Event        => O4,
 334                  Activity_Operation  => C4,
 335                  Activity_Server     => SC4)));
 336 Transaction (
 337         Type    => Regular,
 338         Name    => T5,
 339         External_Events => (
 340                 (Type   => Periodic,
 341                  Name   => E5,
 342                  Period => 42000)),
 343         Internal_Events => (
 344                 (Type   => regular,
 345                  name   => O5,
 346                  Timing_Requirements => (
 347                          Type             => Hard_Global_Deadline,
 348                          Deadline         => 42000,
 349                          referenced_event => E5))),
 350         Event_Handlers => (
 351                 (Type                => Activity,
 352                  Input_Event         => E5,
 353                  Output_Event        => O5,
 354                  Activity_Operation  => C5,
 355                  Activity_Server     => SC5)));
 356 Transaction (
 357         Type    => Regular,
 358         Name    => T6,
 359         External_Events => (
 360                 (Type   => Periodic,
 361                  Name   => E6,
 362                  Period => 45000)),
 363         Internal_Events => (
 364                 (Type   => regular,
 365                  name   => O6,
 366                  Timing_Requirements => (
 367                          Type             => Hard_Global_Deadline,
 368                          Deadline         => 45000,
 369                          referenced_event => E6))),
 370         Event_Handlers => (
 371                 (Type                => Activity,
 372                  Input_Event         => E6,
 373                  Output_Event        => O6,
 374                  Activity_Operation  => C6,
 375                  Activity_Server     => SC6)));
 376 Transaction (
 377         Type    => Regular,
 378         Name    => T7,
 379         External_Events => (
 380                 (Type   => Periodic,
 381                  Name   => E7,
 382                  Period => 52500)),
 383         Internal_Events => (
 384                 (Type   => regular,
 385                  name   => O7,
 386                  Timing_Requirements => (
 387                          Type             => Hard_Global_Deadline,
 388                          Deadline         => 52500,
 389                          referenced_event => E7))),
 390         Event_Handlers => (
 391                 (Type                => Activity,
 392                  Input_Event         => E7,
 393                  Output_Event        => O7,
 394                  Activity_Operation  => C7,
 395                  Activity_Server     => SC7)));
 396 Transaction (
 397         Type    => Regular,
 398         Name    => T8,
 399         External_Events => (
 400                 (Type   => Periodic,
 401                  Name   => E8,
 402                  Period => 56250)),
 403         Internal_Events => (
 404                 (Type   => regular,
 405                  name   => O8,
 406                  Timing_Requirements => (
 407                          Type             => Hard_Global_Deadline,
 408                          Deadline         => 56250,
 409                          referenced_event => E8))),
 410         Event_Handlers => (
 411                 (Type                => Activity,
 412                  Input_Event         => E8,
 413                  Output_Event        => O8,
 414                  Activity_Operation  => C8,
 415                  Activity_Server     => SC8)));
 416 Transaction (
 417         Type    => Regular,
 418         Name    => T9,
 419         External_Events => (
 420                 (Type   => Periodic,
 421                  Name   => E9,
 422                  Period => 56700)),
 423         Internal_Events => (
 424                 (Type   => regular,
 425                  name   => O9,
 426                  Timing_Requirements => (
 427                          Type             => Hard_Global_Deadline,
 428                          Deadline         => 56700,
 429                          referenced_event => E9))),
 430         Event_Handlers => (
 431                 (Type                => Activity,
 432                  Input_Event         => E9,
 433                  Output_Event        => O9,
 434                  Activity_Operation  => C9,
 435                  Activity_Server     => SC9)));
 436 Transaction (
 437         Type    => Regular,
 438         Name    => T10,
 439         External_Events => (
 440                 (Type   => Periodic,
 441                  Name   => E10,
 442                  Period => 60480)),
 443         Internal_Events => (
 444                 (Type   => regular,
 445                  name   => O10,
 446                  Timing_Requirements => (
 447                          Type             => Hard_Global_Deadline,
 448                          Deadline         => 60480,
 449                          referenced_event => E10))),
 450         Event_Handlers => (
 451                 (Type                => Activity,
 452                  Input_Event         => E10,
 453                  Output_Event        => O10,
 454                  Activity_Operation  => C10,
 455                  Activity_Server     => SC10)));
 456 Transaction (
 457         Type    => Regular,
 458         Name    => T11,
 459         External_Events => (
 460                 (Type   => Periodic,
 461                  Name   => E11,
 462                  Period => 65625)),
 463         Internal_Events => (
 464                 (Type   => regular,
 465                  name   => O11,
 466                  Timing_Requirements => (
 467                          Type             => Hard_Global_Deadline,
 468                          Deadline         => 65625,
 469                          referenced_event => E11))),
 470         Event_Handlers => (
 471                 (Type                => Activity,
 472                  Input_Event         => E11,
 473                  Output_Event        => O11,
 474                  Activity_Operation  => C11,
 475                  Activity_Server     => SC11)));
 476 Transaction (
 477         Type    => Regular,
 478         Name    => T12,
 479         External_Events => (
 480                 (Type   => Periodic,
 481                  Name   => E12,
 482                  Period => 70000)),
 483         Internal_Events => (
 484                 (Type   => regular,
 485                  name   => O12,
 486                  Timing_Requirements => (
 487                          Type             => Hard_Global_Deadline,
 488                          Deadline         => 70000,
 489                          referenced_event => E12))),
 490         Event_Handlers => (
 491                 (Type                => Activity,
 492                  Input_Event         => E12,
 493                  Output_Event        => O12,
 494                  Activity_Operation  => C12,
 495                  Activity_Server     => SC12)));
 496 Transaction (
 497         Type    => Regular,
 498         Name    => T13,
 499         External_Events => (
 500                 (Type   => Periodic,
 501                  Name   => E13,
 502                  Period => 72000)),
 503         Internal_Events => (
 504                 (Type   => regular,
 505                  name   => O13,
 506                  Timing_Requirements => (
 507                          Type             => Hard_Global_Deadline,
 508                          Deadline         => 72000,
 509                          referenced_event => E13))),
 510         Event_Handlers => (
 511                 (Type                => Activity,
 512                  Input_Event         => E13,
 513                  Output_Event        => O13,
 514                  Activity_Operation  => C13,
 515                  Activity_Server     => SC13)));
 516 Transaction (
 517         Type    => Regular,
 518         Name    => T14,
 519         External_Events => (
 520                 (Type   => Periodic,
 521                  Name   => E14,
 522                  Period => 75600)),
 523         Internal_Events => (
 524                 (Type   => regular,
 525                  name   => O14,
 526                  Timing_Requirements => (
 527                          Type             => Hard_Global_Deadline,
 528                          Deadline         => 75600,
 529                          referenced_event => E14))),
 530         Event_Handlers => (
 531                 (Type                => Activity,
 532                  Input_Event         => E14,
 533                  Output_Event        => O14,
 534                  Activity_Operation  => C14,
 535                  Activity_Server     => SC14)));
 536 Transaction (
 537         Type    => Regular,
 538         Name    => T15,
 539         External_Events => (
 540                 (Type   => Periodic,
 541                  Name   => E15,
 542                  Period => 84375)),
 543         Internal_Events => (
 544                 (Type   => regular,
 545                  name   => O15,
 546                  Timing_Requirements => (
 547                          Type             => Hard_Global_Deadline,
 548                          Deadline         => 84375,
 549                          referenced_event => E15))),
 550         Event_Handlers => (
 551                 (Type                => Activity,
 552                  Input_Event         => E15,
 553                  Output_Event        => O15,
 554                  Activity_Operation  => C15,
 555                  Activity_Server     => SC15)));
 556 Transaction (
 557         Type    => Regular,
 558         Name    => T16,
 559         External_Events => (
 560                 (Type   => Periodic,
 561                  Name   => E16,
 562                  Period => 87500)),
 563         Internal_Events => (
 564                 (Type   => regular,
 565                  name   => O16,
 566                  Timing_Requirements => (
 567                          Type             => Hard_Global_Deadline,
 568                          Deadline         => 87500,
 569                          referenced_event => E16))),
 570         Event_Handlers => (
 571                 (Type                => Activity,
 572                  Input_Event         => E16,
 573                  Output_Event        => O16,
 574                  Activity_Operation  => C16,
 575                  Activity_Server     => SC16)));
 576 Transaction (
 577         Type    => Regular,
 578         Name    => T17,
 579         External_Events => (
 580                 (Type   => Periodic,
 581                  Name   => E17,
 582                  Period => 90000)),
 583         Internal_Events => (
 584                 (Type   => regular,
 585                  name   => O17,
 586                  Timing_Requirements => (
 587                          Type             => Hard_Global_Deadline,
 588                          Deadline         => 90000,
 589                          referenced_event => E17))),
 590         Event_Handlers => (
 591                 (Type                => Activity,
 592                  Input_Event         => E17,
 593                  Output_Event        => O17,
 594                  Activity_Operation  => C17,
 595                  Activity_Server     => SC17)));
 596 Transaction (
 597         Type    => Regular,
 598         Name    => T18,
 599         External_Events => (
 600                 (Type   => Periodic,
 601                  Name   => E18,
 602                  Period => 90720)),
 603         Internal_Events => (
 604                 (Type   => regular,
 605                  name   => O18,
 606                  Timing_Requirements => (
 607                          Type             => Hard_Global_Deadline,
 608                          Deadline         => 90720,
 609                          referenced_event => E18))),
 610         Event_Handlers => (
 611                 (Type                => Activity,
 612                  Input_Event         => E18,
 613                  Output_Event        => O18,
 614                  Activity_Operation  => C18,
 615                  Activity_Server     => SC18)));
 616 Transaction (
 617         Type    => Regular,
 618         Name    => T19,
 619         External_Events => (
 620                 (Type   => Periodic,
 621                  Name   => E19,
 622                  Period => 94500)),
 623         Internal_Events => (
 624                 (Type   => regular,
 625                  name   => O19,
 626                  Timing_Requirements => (
 627                          Type             => Hard_Global_Deadline,
 628                          Deadline         => 94500,
 629                          referenced_event => E19))),
 630         Event_Handlers => (
 631                 (Type                => Activity,
 632                  Input_Event         => E19,
 633                  Output_Event        => O19,
 634                  Activity_Operation  => C19,
 635                  Activity_Server     => SC19)));
 636 Transaction (
 637         Type    => Regular,
 638         Name    => T20,
 639         External_Events => (
 640                 (Type   => Periodic,
 641                  Name   => E20,
 642                  Period => 100000)),
 643         Internal_Events => (
 644                 (Type   => regular,
 645                  name   => O20,
 646                  Timing_Requirements => (
 647                          Type             => Hard_Global_Deadline,
 648                          Deadline         => 100000,
 649                          referenced_event => E20))),
 650         Event_Handlers => (
 651                 (Type                => Activity,
 652                  Input_Event         => E20,
 653                  Output_Event        => O20,
 654                  Activity_Operation  => C20,
 655                  Activity_Server     => SC20)));

