Initializing error report...
 1   Model (
 2      Model_Name  => EDF_RTA_CALCULUS,
 3      Model_Date  => 2019-01-01);
 5   Processing_Resource (
 6           Type => Regular_Processor,
 7           Name => Processor_1);
 9   Scheduler (
 10          Type  => Primary_Scheduler,
 11          Name  => EDF_Scheduler,
 12          Host  => Processor_1,
 13          Policy =>
 14             (Type => EDF,
 15        Worst_Context_Switch => 9));
 16  Scheduling_Server (
 17          Type                    => Regular,
 18          Name                    => SC1,
 19          Server_Sched_Parameters => (
 20                  Type        => EDF_policy,
 21                  Deadline    => 12000,
 22                  Preassigned => No),
 23          Scheduler               => EDF_Scheduler);
 24  Scheduling_Server (
 25          Type                    => Regular,
 26          Name                    => SC2,
 27          Server_Sched_Parameters => (
 28                  Type        => EDF_policy,
 29                  Deadline    => 18000,
 30                  Preassigned => No),
 31          Scheduler               => EDF_Scheduler);
 32  Scheduling_Server (
 33          Type                    => Regular,
 34          Name                    => SC3,
 35          Server_Sched_Parameters => (
 36                  Type        => EDF_policy,
 37                  Deadline    => 24000,
 38                  Preassigned => No),
 39          Scheduler               => EDF_Scheduler);
 40  Scheduling_Server (
 41          Type                    => Regular,
 42          Name                    => SC4,
 43          Server_Sched_Parameters => (
 44                  Type        => EDF_policy,
 45                  Deadline    => 40000,
 46                  Preassigned => No),
 47          Scheduler               => EDF_Scheduler);
 48  Scheduling_Server (
 49          Type                    => Regular,
 50          Name                    => SC5,
 51          Server_Sched_Parameters => (
 52                  Type        => EDF_policy,
 53                  Deadline    => 51000,
 54                  Preassigned => No),
 55          Scheduler               => EDF_Scheduler);
 56  Scheduling_Server (
 57          Type                    => Regular,
 58          Name                    => SC6,
 59          Server_Sched_Parameters => (
 60                  Type        => EDF_policy,
 61                  Deadline    => 59000,
 62                  Preassigned => No),
 63          Scheduler               => EDF_Scheduler);
 64  Scheduling_Server (
 65          Type                    => Regular,
 66          Name                    => SC7,
 67          Server_Sched_Parameters => (
 68                  Type        => EDF_policy,
 69                  Deadline    => 64000,
 70                  Preassigned => No),
 71          Scheduler               => EDF_Scheduler);
 72  Scheduling_Server (
 73          Type                    => Regular,
 74          Name                    => SC8,
 75          Server_Sched_Parameters => (
 76                  Type        => EDF_policy,
 77                  Deadline    => 65000,
 78                  Preassigned => No),
 79          Scheduler               => EDF_Scheduler);
 80  Scheduling_Server (
 81          Type                    => Regular,
 82          Name                    => SC9,
 83          Server_Sched_Parameters => (
 84                  Type        => EDF_policy,
 85                  Deadline    => 85000,
 86                  Preassigned => No),
 87          Scheduler               => EDF_Scheduler);
 88  Scheduling_Server (
 89          Type                    => Regular,
 90          Name                    => SC10,
 91          Server_Sched_Parameters => (
 92                  Type        => EDF_policy,
 93                  Deadline    => 99000,
 94                  Preassigned => No),
 95          Scheduler               => EDF_Scheduler);
 96  Operation (
 97          Type    => Simple,
 98          Name    => C1,
 99          Worst_Case_Execution_Time => 2353);
 100 Operation (
 101         Type    => Simple,
 102         Name    => C2,
 103         Worst_Case_Execution_Time => 79);
 104 Operation (
 105         Type    => Simple,
 106         Name    => C3,
 107         Worst_Case_Execution_Time => 2018);
 108 Operation (
 109         Type    => Simple,
 110         Name    => C4,
 111         Worst_Case_Execution_Time => 6231);
 112 Operation (
 113         Type    => Simple,
 114         Name    => C5,
 115         Worst_Case_Execution_Time => 4945);
 116 Operation (
 117         Type    => Simple,
 118         Name    => C6,
 119         Worst_Case_Execution_Time => 5529);
 120 Operation (
 121         Type    => Simple,
 122         Name    => C7,
 123         Worst_Case_Execution_Time => 7706);
 124 Operation (
 125         Type    => Simple,
 126         Name    => C8,
 127         Worst_Case_Execution_Time => 8669);
 128 Operation (
 129         Type    => Simple,
 130         Name    => C9,
 131         Worst_Case_Execution_Time => 3993);
 132 Operation (
 133         Type    => Simple,
 134         Name    => C10,
 135         Worst_Case_Execution_Time => 1264);
 136 Transaction (
 137         Type    => Regular,
 138         Name    => T1,
 139         External_Events => (
 140                 (Type   => Periodic,
 141                  Name   => E1,
 142                  Period => 12000)),
 143         Internal_Events => (
 144                 (Type   => regular,
 145                  name   => O1,
 146                  Timing_Requirements => (
 147                          Type             => Hard_Global_Deadline,
 148                          Deadline         => 12000,
 149                          referenced_event => E1))),
 150         Event_Handlers => (
 151                 (Type                => Activity,
 152                  Input_Event         => E1,
 153                  Output_Event        => O1,
 154                  Activity_Operation  => C1,
 155                  Activity_Server     => SC1)));
 156 Transaction (
 157         Type    => Regular,
 158         Name    => T2,
 159         External_Events => (
 160                 (Type   => Periodic,
 161                  Name   => E2,
 162                  Period => 18000)),
 163         Internal_Events => (
 164                 (Type   => regular,
 165                  name   => O2,
 166                  Timing_Requirements => (
 167                          Type             => Hard_Global_Deadline,
 168                          Deadline         => 18000,
 169                          referenced_event => E2))),
 170         Event_Handlers => (
 171                 (Type                => Activity,
 172                  Input_Event         => E2,
 173                  Output_Event        => O2,
 174                  Activity_Operation  => C2,
 175                  Activity_Server     => SC2)));
 176 Transaction (
 177         Type    => Regular,
 178         Name    => T3,
 179         External_Events => (
 180                 (Type   => Periodic,
 181                  Name   => E3,
 182                  Period => 24000)),
 183         Internal_Events => (
 184                 (Type   => regular,
 185                  name   => O3,
 186                  Timing_Requirements => (
 187                          Type             => Hard_Global_Deadline,
 188                          Deadline         => 24000,
 189                          referenced_event => E3))),
 190         Event_Handlers => (
 191                 (Type                => Activity,
 192                  Input_Event         => E3,
 193                  Output_Event        => O3,
 194                  Activity_Operation  => C3,
 195                  Activity_Server     => SC3)));
 196 Transaction (
 197         Type    => Regular,
 198         Name    => T4,
 199         External_Events => (
 200                 (Type   => Periodic,
 201                  Name   => E4,
 202                  Period => 40000)),
 203         Internal_Events => (
 204                 (Type   => regular,
 205                  name   => O4,
 206                  Timing_Requirements => (
 207                          Type             => Hard_Global_Deadline,
 208                          Deadline         => 40000,
 209                          referenced_event => E4))),
 210         Event_Handlers => (
 211                 (Type                => Activity,
 212                  Input_Event         => E4,
 213                  Output_Event        => O4,
 214                  Activity_Operation  => C4,
 215                  Activity_Server     => SC4)));
 216 Transaction (
 217         Type    => Regular,
 218         Name    => T5,
 219         External_Events => (
 220                 (Type   => Periodic,
 221                  Name   => E5,
 222                  Period => 51000)),
 223         Internal_Events => (
 224                 (Type   => regular,
 225                  name   => O5,
 226                  Timing_Requirements => (
 227                          Type             => Hard_Global_Deadline,
 228                          Deadline         => 51000,
 229                          referenced_event => E5))),
 230         Event_Handlers => (
 231                 (Type                => Activity,
 232                  Input_Event         => E5,
 233                  Output_Event        => O5,
 234                  Activity_Operation  => C5,
 235                  Activity_Server     => SC5)));
 236 Transaction (
 237         Type    => Regular,
 238         Name    => T6,
 239         External_Events => (
 240                 (Type   => Periodic,
 241                  Name   => E6,
 242                  Period => 59000)),
 243         Internal_Events => (
 244                 (Type   => regular,
 245                  name   => O6,
 246                  Timing_Requirements => (
 247                          Type             => Hard_Global_Deadline,
 248                          Deadline         => 59000,
 249                          referenced_event => E6))),
 250         Event_Handlers => (
 251                 (Type                => Activity,
 252                  Input_Event         => E6,
 253                  Output_Event        => O6,
 254                  Activity_Operation  => C6,
 255                  Activity_Server     => SC6)));
 256 Transaction (
 257         Type    => Regular,
 258         Name    => T7,
 259         External_Events => (
 260                 (Type   => Periodic,
 261                  Name   => E7,
 262                  Period => 64000)),
 263         Internal_Events => (
 264                 (Type   => regular,
 265                  name   => O7,
 266                  Timing_Requirements => (
 267                          Type             => Hard_Global_Deadline,
 268                          Deadline         => 64000,
 269                          referenced_event => E7))),
 270         Event_Handlers => (
 271                 (Type                => Activity,
 272                  Input_Event         => E7,
 273                  Output_Event        => O7,
 274                  Activity_Operation  => C7,
 275                  Activity_Server     => SC7)));
 276 Transaction (
 277         Type    => Regular,
 278         Name    => T8,
 279         External_Events => (
 280                 (Type   => Periodic,
 281                  Name   => E8,
 282                  Period => 65000)),
 283         Internal_Events => (
 284                 (Type   => regular,
 285                  name   => O8,
 286                  Timing_Requirements => (
 287                          Type             => Hard_Global_Deadline,
 288                          Deadline         => 65000,
 289                          referenced_event => E8))),
 290         Event_Handlers => (
 291                 (Type                => Activity,
 292                  Input_Event         => E8,
 293                  Output_Event        => O8,
 294                  Activity_Operation  => C8,
 295                  Activity_Server     => SC8)));
 296 Transaction (
 297         Type    => Regular,
 298         Name    => T9,
 299         External_Events => (
 300                 (Type   => Periodic,
 301                  Name   => E9,
 302                  Period => 85000)),
 303         Internal_Events => (
 304                 (Type   => regular,
 305                  name   => O9,
 306                  Timing_Requirements => (
 307                          Type             => Hard_Global_Deadline,
 308                          Deadline         => 85000,
 309                          referenced_event => E9))),
 310         Event_Handlers => (
 311                 (Type                => Activity,
 312                  Input_Event         => E9,
 313                  Output_Event        => O9,
 314                  Activity_Operation  => C9,
 315                  Activity_Server     => SC9)));
 316 Transaction (
 317         Type    => Regular,
 318         Name    => T10,
 319         External_Events => (
 320                 (Type   => Periodic,
 321                  Name   => E10,
 322                  Period => 99000)),
 323         Internal_Events => (
 324                 (Type   => regular,
 325                  name   => O10,
 326                  Timing_Requirements => (
 327                          Type             => Hard_Global_Deadline,
 328                          Deadline         => 99000,
 329                          referenced_event => E10))),
 330         Event_Handlers => (
 331                 (Type                => Activity,
 332                  Input_Event         => E10,
 333                  Output_Event        => O10,
 334                  Activity_Operation  => C10,
 335                  Activity_Server     => SC10)));

