Initializing error report...
 1   Model (
 2      Model_Name  => EDF_RTA_CALCULUS,
 3      Model_Date  => 2019-01-01);
 5   Processing_Resource (
 6           Type => Regular_Processor,
 7           Name => Processor_1);
 9   Scheduler (
 10          Type  => Primary_Scheduler,
 11          Name  => EDF_Scheduler,
 12          Host  => Processor_1,
 13          Policy =>
 14             (Type => EDF,
 15              Worst_Context_Switch => 0.0005,
 16              Avg_Context_Switch => 0.0005,
 17              Best_Context_Switch => 0.0005));
 18  Scheduling_Server (
 19          Type                    => Regular,
 20          Name                    => SC1,
 21          Server_Sched_Parameters => (
 22                  Type        => EDF_policy,
 23                  Deadline    => 12250,
 24                  Preassigned => No),
 25          Scheduler               => EDF_Scheduler);
 26  Scheduling_Server (
 27          Type                    => Regular,
 28          Name                    => SC2,
 29          Server_Sched_Parameters => (
 30                  Type        => EDF_policy,
 31                  Deadline    => 14400,
 32                  Preassigned => No),
 33          Scheduler               => EDF_Scheduler);
 34  Scheduling_Server (
 35          Type                    => Regular,
 36          Name                    => SC3,
 37          Server_Sched_Parameters => (
 38                  Type        => EDF_policy,
 39                  Deadline    => 15680,
 40                  Preassigned => No),
 41          Scheduler               => EDF_Scheduler);
 42  Scheduling_Server (
 43          Type                    => Regular,
 44          Name                    => SC4,
 45          Server_Sched_Parameters => (
 46                  Type        => EDF_policy,
 47                  Deadline    => 16875,
 48                  Preassigned => No),
 49          Scheduler               => EDF_Scheduler);
 50  Scheduling_Server (
 51          Type                    => Regular,
 52          Name                    => SC5,
 53          Server_Sched_Parameters => (
 54                  Type        => EDF_policy,
 55                  Deadline    => 17010,
 56                  Preassigned => No),
 57          Scheduler               => EDF_Scheduler);
 58  Scheduling_Server (
 59          Type                    => Regular,
 60          Name                    => SC6,
 61          Server_Sched_Parameters => (
 62                  Type        => EDF_policy,
 63                  Deadline    => 17280,
 64                  Preassigned => No),
 65          Scheduler               => EDF_Scheduler);
 66  Scheduling_Server (
 67          Type                    => Regular,
 68          Name                    => SC7,
 69          Server_Sched_Parameters => (
 70                  Type        => EDF_policy,
 71                  Deadline    => 18900,
 72                  Preassigned => No),
 73          Scheduler               => EDF_Scheduler);
 74  Scheduling_Server (
 75          Type                    => Regular,
 76          Name                    => SC8,
 77          Server_Sched_Parameters => (
 78                  Type        => EDF_policy,
 79                  Deadline    => 22500,
 80                  Preassigned => No),
 81          Scheduler               => EDF_Scheduler);
 82  Scheduling_Server (
 83          Type                    => Regular,
 84          Name                    => SC9,
 85          Server_Sched_Parameters => (
 86                  Type        => EDF_policy,
 87                  Deadline    => 28224,
 88                  Preassigned => No),
 89          Scheduler               => EDF_Scheduler);
 90  Scheduling_Server (
 91          Type                    => Regular,
 92          Name                    => SC10,
 93          Server_Sched_Parameters => (
 94                  Type        => EDF_policy,
 95                  Deadline    => 28350,
 96                  Preassigned => No),
 97          Scheduler               => EDF_Scheduler);
 98  Scheduling_Server (
 99          Type                    => Regular,
 100         Name                    => SC11,
 101         Server_Sched_Parameters => (
 102                 Type        => EDF_policy,
 103                 Deadline    => 30375,
 104                 Preassigned => No),
 105         Scheduler               => EDF_Scheduler);
 106 Scheduling_Server (
 107         Type                    => Regular,
 108         Name                    => SC12,
 109         Server_Sched_Parameters => (
 110                 Type        => EDF_policy,
 111                 Deadline    => 33075,
 112                 Preassigned => No),
 113         Scheduler               => EDF_Scheduler);
 114 Scheduling_Server (
 115         Type                    => Regular,
 116         Name                    => SC13,
 117         Server_Sched_Parameters => (
 118                 Type        => EDF_policy,
 119                 Deadline    => 38880,
 120                 Preassigned => No),
 121         Scheduler               => EDF_Scheduler);
 122 Scheduling_Server (
 123         Type                    => Regular,
 124         Name                    => SC14,
 125         Server_Sched_Parameters => (
 126                 Type        => EDF_policy,
 127                 Deadline    => 44100,
 128                 Preassigned => No),
 129         Scheduler               => EDF_Scheduler);
 130 Scheduling_Server (
 131         Type                    => Regular,
 132         Name                    => SC15,
 133         Server_Sched_Parameters => (
 134                 Type        => EDF_policy,
 135                 Deadline    => 48600,
 136                 Preassigned => No),
 137         Scheduler               => EDF_Scheduler);
 138 Scheduling_Server (
 139         Type                    => Regular,
 140         Name                    => SC16,
 141         Server_Sched_Parameters => (
 142                 Type        => EDF_policy,
 143                 Deadline    => 56448,
 144                 Preassigned => No),
 145         Scheduler               => EDF_Scheduler);
 146 Scheduling_Server (
 147         Type                    => Regular,
 148         Name                    => SC17,
 149         Server_Sched_Parameters => (
 150                 Type        => EDF_policy,
 151                 Deadline    => 63504,
 152                 Preassigned => No),
 153         Scheduler               => EDF_Scheduler);
 154 Scheduling_Server (
 155         Type                    => Regular,
 156         Name                    => SC18,
 157         Server_Sched_Parameters => (
 158                 Type        => EDF_policy,
 159                 Deadline    => 78400,
 160                 Preassigned => No),
 161         Scheduler               => EDF_Scheduler);
 162 Scheduling_Server (
 163         Type                    => Regular,
 164         Name                    => SC19,
 165         Server_Sched_Parameters => (
 166                 Type        => EDF_policy,
 167                 Deadline    => 190512,
 168                 Preassigned => No),
 169         Scheduler               => EDF_Scheduler);
 170 Scheduling_Server (
 171         Type                    => Regular,
 172         Name                    => SC20,
 173         Server_Sched_Parameters => (
 174                 Type        => EDF_policy,
 175                 Deadline    => 216000,
 176                 Preassigned => No),
 177         Scheduler               => EDF_Scheduler);
 178 Scheduling_Server (
 179         Type                    => Regular,
 180         Name                    => SC21,
 181         Server_Sched_Parameters => (
 182                 Type        => EDF_policy,
 183                 Deadline    => 235200,
 184                 Preassigned => No),
 185         Scheduler               => EDF_Scheduler);
 186 Scheduling_Server (
 187         Type                    => Regular,
 188         Name                    => SC22,
 189         Server_Sched_Parameters => (
 190                 Type        => EDF_policy,
 191                 Deadline    => 236250,
 192                 Preassigned => No),
 193         Scheduler               => EDF_Scheduler);
 194 Scheduling_Server (
 195         Type                    => Regular,
 196         Name                    => SC23,
 197         Server_Sched_Parameters => (
 198                 Type        => EDF_policy,
 199                 Deadline    => 238140,
 200                 Preassigned => No),
 201         Scheduler               => EDF_Scheduler);
 202 Scheduling_Server (
 203         Type                    => Regular,
 204         Name                    => SC24,
 205         Server_Sched_Parameters => (
 206                 Type        => EDF_policy,
 207                 Deadline    => 245000,
 208                 Preassigned => No),
 209         Scheduler               => EDF_Scheduler);
 210 Scheduling_Server (
 211         Type                    => Regular,
 212         Name                    => SC25,
 213         Server_Sched_Parameters => (
 214                 Type        => EDF_policy,
 215                 Deadline    => 252000,
 216                 Preassigned => No),
 217         Scheduler               => EDF_Scheduler);
 218 Scheduling_Server (
 219         Type                    => Regular,
 220         Name                    => SC26,
 221         Server_Sched_Parameters => (
 222                 Type        => EDF_policy,
 223                 Deadline    => 254016,
 224                 Preassigned => No),
 225         Scheduler               => EDF_Scheduler);
 226 Scheduling_Server (
 227         Type                    => Regular,
 228         Name                    => SC27,
 229         Server_Sched_Parameters => (
 230                 Type        => EDF_policy,
 231                 Deadline    => 272160,
 232                 Preassigned => No),
 233         Scheduler               => EDF_Scheduler);
 234 Scheduling_Server (
 235         Type                    => Regular,
 236         Name                    => SC28,
 237         Server_Sched_Parameters => (
 238                 Type        => EDF_policy,
 239                 Deadline    => 275625,
 240                 Preassigned => No),
 241         Scheduler               => EDF_Scheduler);
 242 Scheduling_Server (
 243         Type                    => Regular,
 244         Name                    => SC29,
 245         Server_Sched_Parameters => (
 246                 Type        => EDF_policy,
 247                 Deadline    => 280000,
 248                 Preassigned => No),
 249         Scheduler               => EDF_Scheduler);
 250 Scheduling_Server (
 251         Type                    => Regular,
 252         Name                    => SC30,
 253         Server_Sched_Parameters => (
 254                 Type        => EDF_policy,
 255                 Deadline    => 297675,
 256                 Preassigned => No),
 257         Scheduler               => EDF_Scheduler);
 258 Scheduling_Server (
 259         Type                    => Regular,
 260         Name                    => SC31,
 261         Server_Sched_Parameters => (
 262                 Type        => EDF_policy,
 263                 Deadline    => 302400,
 264                 Preassigned => No),
 265         Scheduler               => EDF_Scheduler);
 266 Scheduling_Server (
 267         Type                    => Regular,
 268         Name                    => SC32,
 269         Server_Sched_Parameters => (
 270                 Type        => EDF_policy,
 271                 Deadline    => 317520,
 272                 Preassigned => No),
 273         Scheduler               => EDF_Scheduler);
 274 Scheduling_Server (
 275         Type                    => Regular,
 276         Name                    => SC33,
 277         Server_Sched_Parameters => (
 278                 Type        => EDF_policy,
 279                 Deadline    => 336000,
 280                 Preassigned => No),
 281         Scheduler               => EDF_Scheduler);
 282 Scheduling_Server (
 283         Type                    => Regular,
 284         Name                    => SC34,
 285         Server_Sched_Parameters => (
 286                 Type        => EDF_policy,
 287                 Deadline    => 340200,
 288                 Preassigned => No),
 289         Scheduler               => EDF_Scheduler);
 290 Scheduling_Server (
 291         Type                    => Regular,
 292         Name                    => SC35,
 293         Server_Sched_Parameters => (
 294                 Type        => EDF_policy,
 295                 Deadline    => 354375,
 296                 Preassigned => No),
 297         Scheduler               => EDF_Scheduler);
 298 Scheduling_Server (
 299         Type                    => Regular,
 300         Name                    => SC36,
 301         Server_Sched_Parameters => (
 302                 Type        => EDF_policy,
 303                 Deadline    => 423360,
 304                 Preassigned => No),
 305         Scheduler               => EDF_Scheduler);
 306 Scheduling_Server (
 307         Type                    => Regular,
 308         Name                    => SC37,
 309         Server_Sched_Parameters => (
 310                 Type        => EDF_policy,
 311                 Deadline    => 425250,
 312                 Preassigned => No),
 313         Scheduler               => EDF_Scheduler);
 314 Scheduling_Server (
 315         Type                    => Regular,
 316         Name                    => SC38,
 317         Server_Sched_Parameters => (
 318                 Type        => EDF_policy,
 319                 Deadline    => 432000,
 320                 Preassigned => No),
 321         Scheduler               => EDF_Scheduler);
 322 Scheduling_Server (
 323         Type                    => Regular,
 324         Name                    => SC39,
 325         Server_Sched_Parameters => (
 326                 Type        => EDF_policy,
 327                 Deadline    => 470400,
 328                 Preassigned => No),
 329         Scheduler               => EDF_Scheduler);
 330 Scheduling_Server (
 331         Type                    => Regular,
 332         Name                    => SC40,
 333         Server_Sched_Parameters => (
 334                 Type        => EDF_policy,
 335                 Deadline    => 472500,
 336                 Preassigned => No),
 337         Scheduler               => EDF_Scheduler);
 338 Scheduling_Server (
 339         Type                    => Regular,
 340         Name                    => SC41,
 341         Server_Sched_Parameters => (
 342                 Type        => EDF_policy,
 343                 Deadline    => 476280,
 344                 Preassigned => No),
 345         Scheduler               => EDF_Scheduler);
 346 Scheduling_Server (
 347         Type                    => Regular,
 348         Name                    => SC42,
 349         Server_Sched_Parameters => (
 350                 Type        => EDF_policy,
 351                 Deadline    => 486000,
 352                 Preassigned => No),
 353         Scheduler               => EDF_Scheduler);
 354 Scheduling_Server (
 355         Type                    => Regular,
 356         Name                    => SC43,
 357         Server_Sched_Parameters => (
 358                 Type        => EDF_policy,
 359                 Deadline    => 529200,
 360                 Preassigned => No),
 361         Scheduler               => EDF_Scheduler);
 362 Scheduling_Server (
 363         Type                    => Regular,
 364         Name                    => SC44,
 365         Server_Sched_Parameters => (
 366                 Type        => EDF_policy,
 367                 Deadline    => 540000,
 368                 Preassigned => No),
 369         Scheduler               => EDF_Scheduler);
 370 Scheduling_Server (
 371         Type                    => Regular,
 372         Name                    => SC45,
 373         Server_Sched_Parameters => (
 374                 Type        => EDF_policy,
 375                 Deadline    => 551250,
 376                 Preassigned => No),
 377         Scheduler               => EDF_Scheduler);
 378 Scheduling_Server (
 379         Type                    => Regular,
 380         Name                    => SC46,
 381         Server_Sched_Parameters => (
 382                 Type        => EDF_policy,
 383                 Deadline    => 560000,
 384                 Preassigned => No),
 385         Scheduler               => EDF_Scheduler);
 386 Scheduling_Server (
 387         Type                    => Regular,
 388         Name                    => SC47,
 389         Server_Sched_Parameters => (
 390                 Type        => EDF_policy,
 391                 Deadline    => 567000,
 392                 Preassigned => No),
 393         Scheduler               => EDF_Scheduler);
 394 Scheduling_Server (
 395         Type                    => Regular,
 396         Name                    => SC48,
 397         Server_Sched_Parameters => (
 398                 Type        => EDF_policy,
 399                 Deadline    => 595350,
 400                 Preassigned => No),
 401         Scheduler               => EDF_Scheduler);
 402 Scheduling_Server (
 403         Type                    => Regular,
 404         Name                    => SC49,
 405         Server_Sched_Parameters => (
 406                 Type        => EDF_policy,
 407                 Deadline    => 604800,
 408                 Preassigned => No),
 409         Scheduler               => EDF_Scheduler);
 410 Scheduling_Server (
 411         Type                    => Regular,
 412         Name                    => SC50,
 413         Server_Sched_Parameters => (
 414                 Type        => EDF_policy,
 415                 Deadline    => 607500,
 416                 Preassigned => No),
 417         Scheduler               => EDF_Scheduler);
 418 Scheduling_Server (
 419         Type                    => Regular,
 420         Name                    => SC51,
 421         Server_Sched_Parameters => (
 422                 Type        => EDF_policy,
 423                 Deadline    => 648000,
 424                 Preassigned => No),
 425         Scheduler               => EDF_Scheduler);
 426 Scheduling_Server (
 427         Type                    => Regular,
 428         Name                    => SC52,
 429         Server_Sched_Parameters => (
 430                 Type        => EDF_policy,
 431                 Deadline    => 661500,
 432                 Preassigned => No),
 433         Scheduler               => EDF_Scheduler);
 434 Operation (
 435         Type    => Simple,
 436         Name    => C1,
 437         Worst_Case_Execution_Time => 187,
 438         Avg_Case_Execution_Time => 187,
 439         Best_Case_Execution_Time => 187);
 440 Operation (
 441         Type    => Simple,
 442         Name    => C2,
 443         Worst_Case_Execution_Time => 153,
 444         Avg_Case_Execution_Time => 153,
 445         Best_Case_Execution_Time => 153);
 446 Operation (
 447         Type    => Simple,
 448         Name    => C3,
 449         Worst_Case_Execution_Time => 182,
 450         Avg_Case_Execution_Time => 182,
 451         Best_Case_Execution_Time => 182);
 452 Operation (
 453         Type    => Simple,
 454         Name    => C4,
 455         Worst_Case_Execution_Time => 127,
 456         Avg_Case_Execution_Time => 127,
 457         Best_Case_Execution_Time => 127);
 458 Operation (
 459         Type    => Simple,
 460         Name    => C5,
 461         Worst_Case_Execution_Time => 176,
 462         Avg_Case_Execution_Time => 176,
 463         Best_Case_Execution_Time => 176);
 464 Operation (
 465         Type    => Simple,
 466         Name    => C6,
 467         Worst_Case_Execution_Time => 209,
 468         Avg_Case_Execution_Time => 209,
 469         Best_Case_Execution_Time => 209);
 470 Operation (
 471         Type    => Simple,
 472         Name    => C7,
 473         Worst_Case_Execution_Time => 198,
 474         Avg_Case_Execution_Time => 198,
 475         Best_Case_Execution_Time => 198);
 476 Operation (
 477         Type    => Simple,
 478         Name    => C8,
 479         Worst_Case_Execution_Time => 199,
 480         Avg_Case_Execution_Time => 199,
 481         Best_Case_Execution_Time => 199);
 482 Operation (
 483         Type    => Simple,
 484         Name    => C9,
 485         Worst_Case_Execution_Time => 171,
 486         Avg_Case_Execution_Time => 171,
 487         Best_Case_Execution_Time => 171);
 488 Operation (
 489         Type    => Simple,
 490         Name    => C10,
 491         Worst_Case_Execution_Time => 170,
 492         Avg_Case_Execution_Time => 170,
 493         Best_Case_Execution_Time => 170);
 494 Operation (
 495         Type    => Simple,
 496         Name    => C11,
 497         Worst_Case_Execution_Time => 134,
 498         Avg_Case_Execution_Time => 134,
 499         Best_Case_Execution_Time => 134);
 500 Operation (
 501         Type    => Simple,
 502         Name    => C12,
 503         Worst_Case_Execution_Time => 179,
 504         Avg_Case_Execution_Time => 179,
 505         Best_Case_Execution_Time => 179);
 506 Operation (
 507         Type    => Simple,
 508         Name    => C13,
 509         Worst_Case_Execution_Time => 207,
 510         Avg_Case_Execution_Time => 207,
 511         Best_Case_Execution_Time => 207);
 512 Operation (
 513         Type    => Simple,
 514         Name    => C14,
 515         Worst_Case_Execution_Time => 179,
 516         Avg_Case_Execution_Time => 179,
 517         Best_Case_Execution_Time => 179);
 518 Operation (
 519         Type    => Simple,
 520         Name    => C15,
 521         Worst_Case_Execution_Time => 132,
 522         Avg_Case_Execution_Time => 132,
 523         Best_Case_Execution_Time => 132);
 524 Operation (
 525         Type    => Simple,
 526         Name    => C16,
 527         Worst_Case_Execution_Time => 168,
 528         Avg_Case_Execution_Time => 168,
 529         Best_Case_Execution_Time => 168);
 530 Operation (
 531         Type    => Simple,
 532         Name    => C17,
 533         Worst_Case_Execution_Time => 153,
 534         Avg_Case_Execution_Time => 153,
 535         Best_Case_Execution_Time => 153);
 536 Operation (
 537         Type    => Simple,
 538         Name    => C18,
 539         Worst_Case_Execution_Time => 198,
 540         Avg_Case_Execution_Time => 198,
 541         Best_Case_Execution_Time => 198);
 542 Operation (
 543         Type    => Simple,
 544         Name    => C19,
 545         Worst_Case_Execution_Time => 3132,
 546         Avg_Case_Execution_Time => 3132,
 547         Best_Case_Execution_Time => 3132);
 548 Operation (
 549         Type    => Simple,
 550         Name    => C20,
 551         Worst_Case_Execution_Time => 2268,
 552         Avg_Case_Execution_Time => 2268,
 553         Best_Case_Execution_Time => 2268);
 554 Operation (
 555         Type    => Simple,
 556         Name    => C21,
 557         Worst_Case_Execution_Time => 3241,
 558         Avg_Case_Execution_Time => 3241,
 559         Best_Case_Execution_Time => 3241);
 560 Operation (
 561         Type    => Simple,
 562         Name    => C22,
 563         Worst_Case_Execution_Time => 2975,
 564         Avg_Case_Execution_Time => 2975,
 565         Best_Case_Execution_Time => 2975);
 566 Operation (
 567         Type    => Simple,
 568         Name    => C23,
 569         Worst_Case_Execution_Time => 2307,
 570         Avg_Case_Execution_Time => 2307,
 571         Best_Case_Execution_Time => 2307);
 572 Operation (
 573         Type    => Simple,
 574         Name    => C24,
 575         Worst_Case_Execution_Time => 3453,
 576         Avg_Case_Execution_Time => 3453,
 577         Best_Case_Execution_Time => 3453);
 578 Operation (
 579         Type    => Simple,
 580         Name    => C25,
 581         Worst_Case_Execution_Time => 3045,
 582         Avg_Case_Execution_Time => 3045,
 583         Best_Case_Execution_Time => 3045);
 584 Operation (
 585         Type    => Simple,
 586         Name    => C26,
 587         Worst_Case_Execution_Time => 3084,
 588         Avg_Case_Execution_Time => 3084,
 589         Best_Case_Execution_Time => 3084);
 590 Operation (
 591         Type    => Simple,
 592         Name    => C27,
 593         Worst_Case_Execution_Time => 3732,
 594         Avg_Case_Execution_Time => 3732,
 595         Best_Case_Execution_Time => 3732);
 596 Operation (
 597         Type    => Simple,
 598         Name    => C28,
 599         Worst_Case_Execution_Time => 2846,
 600         Avg_Case_Execution_Time => 2846,
 601         Best_Case_Execution_Time => 2846);
 602 Operation (
 603         Type    => Simple,
 604         Name    => C29,
 605         Worst_Case_Execution_Time => 3247,
 606         Avg_Case_Execution_Time => 3247,
 607         Best_Case_Execution_Time => 3247);
 608 Operation (
 609         Type    => Simple,
 610         Name    => C30,
 611         Worst_Case_Execution_Time => 3203,
 612         Avg_Case_Execution_Time => 3203,
 613         Best_Case_Execution_Time => 3203);
 614 Operation (
 615         Type    => Simple,
 616         Name    => C31,
 617         Worst_Case_Execution_Time => 3264,
 618         Avg_Case_Execution_Time => 3264,
 619         Best_Case_Execution_Time => 3264);
 620 Operation (
 621         Type    => Simple,
 622         Name    => C32,
 623         Worst_Case_Execution_Time => 2935,
 624         Avg_Case_Execution_Time => 2935,
 625         Best_Case_Execution_Time => 2935);
 626 Operation (
 627         Type    => Simple,
 628         Name    => C33,
 629         Worst_Case_Execution_Time => 3807,
 630         Avg_Case_Execution_Time => 3807,
 631         Best_Case_Execution_Time => 3807);
 632 Operation (
 633         Type    => Simple,
 634         Name    => C34,
 635         Worst_Case_Execution_Time => 3792,
 636         Avg_Case_Execution_Time => 3792,
 637         Best_Case_Execution_Time => 3792);
 638 Operation (
 639         Type    => Simple,
 640         Name    => C35,
 641         Worst_Case_Execution_Time => 3767,
 642         Avg_Case_Execution_Time => 3767,
 643         Best_Case_Execution_Time => 3767);
 644 Operation (
 645         Type    => Simple,
 646         Name    => C36,
 647         Worst_Case_Execution_Time => 6981,
 648         Avg_Case_Execution_Time => 6981,
 649         Best_Case_Execution_Time => 6981);
 650 Operation (
 651         Type    => Simple,
 652         Name    => C37,
 653         Worst_Case_Execution_Time => 6495,
 654         Avg_Case_Execution_Time => 6495,
 655         Best_Case_Execution_Time => 6495);
 656 Operation (
 657         Type    => Simple,
 658         Name    => C38,
 659         Worst_Case_Execution_Time => 6115,
 660         Avg_Case_Execution_Time => 6115,
 661         Best_Case_Execution_Time => 6115);
 662 Operation (
 663         Type    => Simple,
 664         Name    => C39,
 665         Worst_Case_Execution_Time => 5821,
 666         Avg_Case_Execution_Time => 5821,
 667         Best_Case_Execution_Time => 5821);
 668 Operation (
 669         Type    => Simple,
 670         Name    => C40,
 671         Worst_Case_Execution_Time => 7092,
 672         Avg_Case_Execution_Time => 7092,
 673         Best_Case_Execution_Time => 7092);
 674 Operation (
 675         Type    => Simple,
 676         Name    => C41,
 677         Worst_Case_Execution_Time => 6242,
 678         Avg_Case_Execution_Time => 6242,
 679         Best_Case_Execution_Time => 6242);
 680 Operation (
 681         Type    => Simple,
 682         Name    => C42,
 683         Worst_Case_Execution_Time => 6523,
 684         Avg_Case_Execution_Time => 6523,
 685         Best_Case_Execution_Time => 6523);
 686 Operation (
 687         Type    => Simple,
 688         Name    => C43,
 689         Worst_Case_Execution_Time => 6458,
 690         Avg_Case_Execution_Time => 6458,
 691         Best_Case_Execution_Time => 6458);
 692 Operation (
 693         Type    => Simple,
 694         Name    => C44,
 695         Worst_Case_Execution_Time => 6930,
 696         Avg_Case_Execution_Time => 6930,
 697         Best_Case_Execution_Time => 6930);
 698 Operation (
 699         Type    => Simple,
 700         Name    => C45,
 701         Worst_Case_Execution_Time => 6358,
 702         Avg_Case_Execution_Time => 6358,
 703         Best_Case_Execution_Time => 6358);
 704 Operation (
 705         Type    => Simple,
 706         Name    => C46,
 707         Worst_Case_Execution_Time => 6412,
 708         Avg_Case_Execution_Time => 6412,
 709         Best_Case_Execution_Time => 6412);
 710 Operation (
 711         Type    => Simple,
 712         Name    => C47,
 713         Worst_Case_Execution_Time => 5875,
 714         Avg_Case_Execution_Time => 5875,
 715         Best_Case_Execution_Time => 5875);
 716 Operation (
 717         Type    => Simple,
 718         Name    => C48,
 719         Worst_Case_Execution_Time => 5694,
 720         Avg_Case_Execution_Time => 5694,
 721         Best_Case_Execution_Time => 5694);
 722 Operation (
 723         Type    => Simple,
 724         Name    => C49,
 725         Worst_Case_Execution_Time => 5987,
 726         Avg_Case_Execution_Time => 5987,
 727         Best_Case_Execution_Time => 5987);
 728 Operation (
 729         Type    => Simple,
 730         Name    => C50,
 731         Worst_Case_Execution_Time => 5299,
 732         Avg_Case_Execution_Time => 5299,
 733         Best_Case_Execution_Time => 5299);
 734 Operation (
 735         Type    => Simple,
 736         Name    => C51,
 737         Worst_Case_Execution_Time => 5694,
 738         Avg_Case_Execution_Time => 5694,
 739         Best_Case_Execution_Time => 5694);
 740 Operation (
 741         Type    => Simple,
 742         Name    => C52,
 743         Worst_Case_Execution_Time => 5606,
 744         Avg_Case_Execution_Time => 5606,
 745         Best_Case_Execution_Time => 5606);
 746 Transaction (
 747         Type    => Regular,
 748         Name    => T1,
 749         External_Events => (
 750                 (Type   => Periodic,
 751                  Name   => E1,
 752                  Period => 12250)),
 753         Internal_Events => (
 754                 (Type   => regular,
 755                  name   => O1)),
 756         Event_Handlers => (
 757                 (Type                => Activity,
 758                  Input_Event         => E1,
 759                  Output_Event        => O1,
 760                  Activity_Operation  => C1,
 761                  Activity_Server     => SC1)));
 762 Transaction (
 763         Type    => Regular,
 764         Name    => T2,
 765         External_Events => (
 766                 (Type   => Periodic,
 767                  Name   => E2,
 768                  Period => 14400)),
 769         Internal_Events => (
 770                 (Type   => regular,
 771                  name   => O2)),
 772         Event_Handlers => (
 773                 (Type                => Activity,
 774                  Input_Event         => E2,
 775                  Output_Event        => O2,
 776                  Activity_Operation  => C2,
 777                  Activity_Server     => SC2)));
 778 Transaction (
 779         Type    => Regular,
 780         Name    => T3,
 781         External_Events => (
 782                 (Type   => Periodic,
 783                  Name   => E3,
 784                  Period => 15680)),
 785         Internal_Events => (
 786                 (Type   => regular,
 787                  name   => O3)),
 788         Event_Handlers => (
 789                 (Type                => Activity,
 790                  Input_Event         => E3,
 791                  Output_Event        => O3,
 792                  Activity_Operation  => C3,
 793                  Activity_Server     => SC3)));
 794 Transaction (
 795         Type    => Regular,
 796         Name    => T4,
 797         External_Events => (
 798                 (Type   => Periodic,
 799                  Name   => E4,
 800                  Period => 16875)),
 801         Internal_Events => (
 802                 (Type   => regular,
 803                  name   => O4)),
 804         Event_Handlers => (
 805                 (Type                => Activity,
 806                  Input_Event         => E4,
 807                  Output_Event        => O4,
 808                  Activity_Operation  => C4,
 809                  Activity_Server     => SC4)));
 810 Transaction (
 811         Type    => Regular,
 812         Name    => T5,
 813         External_Events => (
 814                 (Type   => Periodic,
 815                  Name   => E5,
 816                  Period => 17010)),
 817         Internal_Events => (
 818                 (Type   => regular,
 819                  name   => O5)),
 820         Event_Handlers => (
 821                 (Type                => Activity,
 822                  Input_Event         => E5,
 823                  Output_Event        => O5,
 824                  Activity_Operation  => C5,
 825                  Activity_Server     => SC5)));
 826 Transaction (
 827         Type    => Regular,
 828         Name    => T6,
 829         External_Events => (
 830                 (Type   => Periodic,
 831                  Name   => E6,
 832                  Period => 17280)),
 833         Internal_Events => (
 834                 (Type   => regular,
 835                  name   => O6)),
 836         Event_Handlers => (
 837                 (Type                => Activity,
 838                  Input_Event         => E6,
 839                  Output_Event        => O6,
 840                  Activity_Operation  => C6,
 841                  Activity_Server     => SC6)));
 842 Transaction (
 843         Type    => Regular,
 844         Name    => T7,
 845         External_Events => (
 846                 (Type   => Periodic,
 847                  Name   => E7,
 848                  Period => 18900)),
 849         Internal_Events => (
 850                 (Type   => regular,
 851                  name   => O7)),
 852         Event_Handlers => (
 853                 (Type                => Activity,
 854                  Input_Event         => E7,
 855                  Output_Event        => O7,
 856                  Activity_Operation  => C7,
 857                  Activity_Server     => SC7)));
 858 Transaction (
 859         Type    => Regular,
 860         Name    => T8,
 861         External_Events => (
 862                 (Type   => Periodic,
 863                  Name   => E8,
 864                  Period => 22500)),
 865         Internal_Events => (
 866                 (Type   => regular,
 867                  name   => O8)),
 868         Event_Handlers => (
 869                 (Type                => Activity,
 870                  Input_Event         => E8,
 871                  Output_Event        => O8,
 872                  Activity_Operation  => C8,
 873                  Activity_Server     => SC8)));
 874 Transaction (
 875         Type    => Regular,
 876         Name    => T9,
 877         External_Events => (
 878                 (Type   => Periodic,
 879                  Name   => E9,
 880                  Period => 28224)),
 881         Internal_Events => (
 882                 (Type   => regular,
 883                  name   => O9)),
 884         Event_Handlers => (
 885                 (Type                => Activity,
 886                  Input_Event         => E9,
 887                  Output_Event        => O9,
 888                  Activity_Operation  => C9,
 889                  Activity_Server     => SC9)));
 890 Transaction (
 891         Type    => Regular,
 892         Name    => T10,
 893         External_Events => (
 894                 (Type   => Periodic,
 895                  Name   => E10,
 896                  Period => 28350)),
 897         Internal_Events => (
 898                 (Type   => regular,
 899                  name   => O10)),
 900         Event_Handlers => (
 901                 (Type                => Activity,
 902                  Input_Event         => E10,
 903                  Output_Event        => O10,
 904                  Activity_Operation  => C10,
 905                  Activity_Server     => SC10)));
 906 Transaction (
 907         Type    => Regular,
 908         Name    => T11,
 909         External_Events => (
 910                 (Type   => Periodic,
 911                  Name   => E11,
 912                  Period => 30375)),
 913         Internal_Events => (
 914                 (Type   => regular,
 915                  name   => O11)),
 916         Event_Handlers => (
 917                 (Type                => Activity,
 918                  Input_Event         => E11,
 919                  Output_Event        => O11,
 920                  Activity_Operation  => C11,
 921                  Activity_Server     => SC11)));
 922 Transaction (
 923         Type    => Regular,
 924         Name    => T12,
 925         External_Events => (
 926                 (Type   => Periodic,
 927                  Name   => E12,
 928                  Period => 33075)),
 929         Internal_Events => (
 930                 (Type   => regular,
 931                  name   => O12)),
 932         Event_Handlers => (
 933                 (Type                => Activity,
 934                  Input_Event         => E12,
 935                  Output_Event        => O12,
 936                  Activity_Operation  => C12,
 937                  Activity_Server     => SC12)));
 938 Transaction (
 939         Type    => Regular,
 940         Name    => T13,
 941         External_Events => (
 942                 (Type   => Periodic,
 943                  Name   => E13,
 944                  Period => 38880)),
 945         Internal_Events => (
 946                 (Type   => regular,
 947                  name   => O13)),
 948         Event_Handlers => (
 949                 (Type                => Activity,
 950                  Input_Event         => E13,
 951                  Output_Event        => O13,
 952                  Activity_Operation  => C13,
 953                  Activity_Server     => SC13)));
 954 Transaction (
 955         Type    => Regular,
 956         Name    => T14,
 957         External_Events => (
 958                 (Type   => Periodic,
 959                  Name   => E14,
 960                  Period => 44100)),
 961         Internal_Events => (
 962                 (Type   => regular,
 963                  name   => O14)),
 964         Event_Handlers => (
 965                 (Type                => Activity,
 966                  Input_Event         => E14,
 967                  Output_Event        => O14,
 968                  Activity_Operation  => C14,
 969                  Activity_Server     => SC14)));
 970 Transaction (
 971         Type    => Regular,
 972         Name    => T15,
 973         External_Events => (
 974                 (Type   => Periodic,
 975                  Name   => E15,
 976                  Period => 48600)),
 977         Internal_Events => (
 978                 (Type   => regular,
 979                  name   => O15)),
 980         Event_Handlers => (
 981                 (Type                => Activity,
 982                  Input_Event         => E15,
 983                  Output_Event        => O15,
 984                  Activity_Operation  => C15,
 985                  Activity_Server     => SC15)));
 986 Transaction (
 987         Type    => Regular,
 988         Name    => T16,
 989         External_Events => (
 990                 (Type   => Periodic,
 991                  Name   => E16,
 992                  Period => 56448)),
 993         Internal_Events => (
 994                 (Type   => regular,
 995                  name   => O16)),
 996         Event_Handlers => (
 997                 (Type                => Activity,
 998                  Input_Event         => E16,
 999                  Output_Event        => O16,
 1000                 Activity_Operation  => C16,
 1001                 Activity_Server     => SC16)));
 1002Transaction (
 1003        Type    => Regular,
 1004        Name    => T17,
 1005        External_Events => (
 1006                (Type   => Periodic,
 1007                 Name   => E17,
 1008                 Period => 63504)),
 1009        Internal_Events => (
 1010                (Type   => regular,
 1011                 name   => O17)),
 1012        Event_Handlers => (
 1013                (Type                => Activity,
 1014                 Input_Event         => E17,
 1015                 Output_Event        => O17,
 1016                 Activity_Operation  => C17,
 1017                 Activity_Server     => SC17)));
 1018Transaction (
 1019        Type    => Regular,
 1020        Name    => T18,
 1021        External_Events => (
 1022                (Type   => Periodic,
 1023                 Name   => E18,
 1024                 Period => 78400)),
 1025        Internal_Events => (
 1026                (Type   => regular,
 1027                 name   => O18)),
 1028        Event_Handlers => (
 1029                (Type                => Activity,
 1030                 Input_Event         => E18,
 1031                 Output_Event        => O18,
 1032                 Activity_Operation  => C18,
 1033                 Activity_Server     => SC18)));
 1034Transaction (
 1035        Type    => Regular,
 1036        Name    => T19,
 1037        External_Events => (
 1038                (Type   => Periodic,
 1039                 Name   => E19,
 1040                 Period => 190512)),
 1041        Internal_Events => (
 1042                (Type   => regular,
 1043                 name   => O19)),
 1044        Event_Handlers => (
 1045                (Type                => Activity,
 1046                 Input_Event         => E19,
 1047                 Output_Event        => O19,
 1048                 Activity_Operation  => C19,
 1049                 Activity_Server     => SC19)));
 1050Transaction (
 1051        Type    => Regular,
 1052        Name    => T20,
 1053        External_Events => (
 1054                (Type   => Periodic,
 1055                 Name   => E20,
 1056                 Period => 216000)),
 1057        Internal_Events => (
 1058                (Type   => regular,
 1059                 name   => O20)),
 1060        Event_Handlers => (
 1061                (Type                => Activity,
 1062                 Input_Event         => E20,
 1063                 Output_Event        => O20,
 1064                 Activity_Operation  => C20,
 1065                 Activity_Server     => SC20)));
 1066Transaction (
 1067        Type    => Regular,
 1068        Name    => T21,
 1069        External_Events => (
 1070                (Type   => Periodic,
 1071                 Name   => E21,
 1072                 Period => 235200)),
 1073        Internal_Events => (
 1074                (Type   => regular,
 1075                 name   => O21)),
 1076        Event_Handlers => (
 1077                (Type                => Activity,
 1078                 Input_Event         => E21,
 1079                 Output_Event        => O21,
 1080                 Activity_Operation  => C21,
 1081                 Activity_Server     => SC21)));
 1082Transaction (
 1083        Type    => Regular,
 1084        Name    => T22,
 1085        External_Events => (
 1086                (Type   => Periodic,
 1087                 Name   => E22,
 1088                 Period => 236250)),
 1089        Internal_Events => (
 1090                (Type   => regular,
 1091                 name   => O22)),
 1092        Event_Handlers => (
 1093                (Type                => Activity,
 1094                 Input_Event         => E22,
 1095                 Output_Event        => O22,
 1096                 Activity_Operation  => C22,
 1097                 Activity_Server     => SC22)));
 1098Transaction (
 1099        Type    => Regular,
 1100        Name    => T23,
 1101        External_Events => (
 1102                (Type   => Periodic,
 1103                 Name   => E23,
 1104                 Period => 238140)),
 1105        Internal_Events => (
 1106                (Type   => regular,
 1107                 name   => O23)),
 1108        Event_Handlers => (
 1109                (Type                => Activity,
 1110                 Input_Event         => E23,
 1111                 Output_Event        => O23,
 1112                 Activity_Operation  => C23,
 1113                 Activity_Server     => SC23)));
 1114Transaction (
 1115        Type    => Regular,
 1116        Name    => T24,
 1117        External_Events => (
 1118                (Type   => Periodic,
 1119                 Name   => E24,
 1120                 Period => 245000)),
 1121        Internal_Events => (
 1122                (Type   => regular,
 1123                 name   => O24)),
 1124        Event_Handlers => (
 1125                (Type                => Activity,
 1126                 Input_Event         => E24,
 1127                 Output_Event        => O24,
 1128                 Activity_Operation  => C24,
 1129                 Activity_Server     => SC24)));
 1130Transaction (
 1131        Type    => Regular,
 1132        Name    => T25,
 1133        External_Events => (
 1134                (Type   => Periodic,
 1135                 Name   => E25,
 1136                 Period => 252000)),
 1137        Internal_Events => (
 1138                (Type   => regular,
 1139                 name   => O25)),
 1140        Event_Handlers => (
 1141                (Type                => Activity,
 1142                 Input_Event         => E25,
 1143                 Output_Event        => O25,
 1144                 Activity_Operation  => C25,
 1145                 Activity_Server     => SC25)));
 1146Transaction (
 1147        Type    => Regular,
 1148        Name    => T26,
 1149        External_Events => (
 1150                (Type   => Periodic,
 1151                 Name   => E26,
 1152                 Period => 254016)),
 1153        Internal_Events => (
 1154                (Type   => regular,
 1155                 name   => O26)),
 1156        Event_Handlers => (
 1157                (Type                => Activity,
 1158                 Input_Event         => E26,
 1159                 Output_Event        => O26,
 1160                 Activity_Operation  => C26,
 1161                 Activity_Server     => SC26)));
 1162Transaction (
 1163        Type    => Regular,
 1164        Name    => T27,
 1165        External_Events => (
 1166                (Type   => Periodic,
 1167                 Name   => E27,
 1168                 Period => 272160)),
 1169        Internal_Events => (
 1170                (Type   => regular,
 1171                 name   => O27)),
 1172        Event_Handlers => (
 1173                (Type                => Activity,
 1174                 Input_Event         => E27,
 1175                 Output_Event        => O27,
 1176                 Activity_Operation  => C27,
 1177                 Activity_Server     => SC27)));
 1178Transaction (
 1179        Type    => Regular,
 1180        Name    => T28,
 1181        External_Events => (
 1182                (Type   => Periodic,
 1183                 Name   => E28,
 1184                 Period => 275625)),
 1185        Internal_Events => (
 1186                (Type   => regular,
 1187                 name   => O28)),
 1188        Event_Handlers => (
 1189                (Type                => Activity,
 1190                 Input_Event         => E28,
 1191                 Output_Event        => O28,
 1192                 Activity_Operation  => C28,
 1193                 Activity_Server     => SC28)));
 1194Transaction (
 1195        Type    => Regular,
 1196        Name    => T29,
 1197        External_Events => (
 1198                (Type   => Periodic,
 1199                 Name   => E29,
 1200                 Period => 280000)),
 1201        Internal_Events => (
 1202                (Type   => regular,
 1203                 name   => O29)),
 1204        Event_Handlers => (
 1205                (Type                => Activity,
 1206                 Input_Event         => E29,
 1207                 Output_Event        => O29,
 1208                 Activity_Operation  => C29,
 1209                 Activity_Server     => SC29)));
 1210Transaction (
 1211        Type    => Regular,
 1212        Name    => T30,
 1213        External_Events => (
 1214                (Type   => Periodic,
 1215                 Name   => E30,
 1216                 Period => 297675)),
 1217        Internal_Events => (
 1218                (Type   => regular,
 1219                 name   => O30)),
 1220        Event_Handlers => (
 1221                (Type                => Activity,
 1222                 Input_Event         => E30,
 1223                 Output_Event        => O30,
 1224                 Activity_Operation  => C30,
 1225                 Activity_Server     => SC30)));
 1226Transaction (
 1227        Type    => Regular,
 1228        Name    => T31,
 1229        External_Events => (
 1230                (Type   => Periodic,
 1231                 Name   => E31,
 1232                 Period => 302400)),
 1233        Internal_Events => (
 1234                (Type   => regular,
 1235                 name   => O31)),
 1236        Event_Handlers => (
 1237                (Type                => Activity,
 1238                 Input_Event         => E31,
 1239                 Output_Event        => O31,
 1240                 Activity_Operation  => C31,
 1241                 Activity_Server     => SC31)));
 1242Transaction (
 1243        Type    => Regular,
 1244        Name    => T32,
 1245        External_Events => (
 1246                (Type   => Periodic,
 1247                 Name   => E32,
 1248                 Period => 317520)),
 1249        Internal_Events => (
 1250                (Type   => regular,
 1251                 name   => O32)),
 1252        Event_Handlers => (
 1253                (Type                => Activity,
 1254                 Input_Event         => E32,
 1255                 Output_Event        => O32,
 1256                 Activity_Operation  => C32,
 1257                 Activity_Server     => SC32)));
 1258Transaction (
 1259        Type    => Regular,
 1260        Name    => T33,
 1261        External_Events => (
 1262                (Type   => Periodic,
 1263                 Name   => E33,
 1264                 Period => 336000)),
 1265        Internal_Events => (
 1266                (Type   => regular,
 1267                 name   => O33)),
 1268        Event_Handlers => (
 1269                (Type                => Activity,
 1270                 Input_Event         => E33,
 1271                 Output_Event        => O33,
 1272                 Activity_Operation  => C33,
 1273                 Activity_Server     => SC33)));
 1274Transaction (
 1275        Type    => Regular,
 1276        Name    => T34,
 1277        External_Events => (
 1278                (Type   => Periodic,
 1279                 Name   => E34,
 1280                 Period => 340200)),
 1281        Internal_Events => (
 1282                (Type   => regular,
 1283                 name   => O34)),
 1284        Event_Handlers => (
 1285                (Type                => Activity,
 1286                 Input_Event         => E34,
 1287                 Output_Event        => O34,
 1288                 Activity_Operation  => C34,
 1289                 Activity_Server     => SC34)));
 1290Transaction (
 1291        Type    => Regular,
 1292        Name    => T35,
 1293        External_Events => (
 1294                (Type   => Periodic,
 1295                 Name   => E35,
 1296                 Period => 354375)),
 1297        Internal_Events => (
 1298                (Type   => regular,
 1299                 name   => O35)),
 1300        Event_Handlers => (
 1301                (Type                => Activity,
 1302                 Input_Event         => E35,
 1303                 Output_Event        => O35,
 1304                 Activity_Operation  => C35,
 1305                 Activity_Server     => SC35)));
 1306Transaction (
 1307        Type    => Regular,
 1308        Name    => T36,
 1309        External_Events => (
 1310                (Type   => Periodic,
 1311                 Name   => E36,
 1312                 Period => 423360)),
 1313        Internal_Events => (
 1314                (Type   => regular,
 1315                 name   => O36)),
 1316        Event_Handlers => (
 1317                (Type                => Activity,
 1318                 Input_Event         => E36,
 1319                 Output_Event        => O36,
 1320                 Activity_Operation  => C36,
 1321                 Activity_Server     => SC36)));
 1322Transaction (
 1323        Type    => Regular,
 1324        Name    => T37,
 1325        External_Events => (
 1326                (Type   => Periodic,
 1327                 Name   => E37,
 1328                 Period => 425250)),
 1329        Internal_Events => (
 1330                (Type   => regular,
 1331                 name   => O37)),
 1332        Event_Handlers => (
 1333                (Type                => Activity,
 1334                 Input_Event         => E37,
 1335                 Output_Event        => O37,
 1336                 Activity_Operation  => C37,
 1337                 Activity_Server     => SC37)));
 1338Transaction (
 1339        Type    => Regular,
 1340        Name    => T38,
 1341        External_Events => (
 1342                (Type   => Periodic,
 1343                 Name   => E38,
 1344                 Period => 432000)),
 1345        Internal_Events => (
 1346                (Type   => regular,
 1347                 name   => O38)),
 1348        Event_Handlers => (
 1349                (Type                => Activity,
 1350                 Input_Event         => E38,
 1351                 Output_Event        => O38,
 1352                 Activity_Operation  => C38,
 1353                 Activity_Server     => SC38)));
 1354Transaction (
 1355        Type    => Regular,
 1356        Name    => T39,
 1357        External_Events => (
 1358                (Type   => Periodic,
 1359                 Name   => E39,
 1360                 Period => 470400)),
 1361        Internal_Events => (
 1362                (Type   => regular,
 1363                 name   => O39)),
 1364        Event_Handlers => (
 1365                (Type                => Activity,
 1366                 Input_Event         => E39,
 1367                 Output_Event        => O39,
 1368                 Activity_Operation  => C39,
 1369                 Activity_Server     => SC39)));
 1370Transaction (
 1371        Type    => Regular,
 1372        Name    => T40,
 1373        External_Events => (
 1374                (Type   => Periodic,
 1375                 Name   => E40,
 1376                 Period => 472500)),
 1377        Internal_Events => (
 1378                (Type   => regular,
 1379                 name   => O40)),
 1380        Event_Handlers => (
 1381                (Type                => Activity,
 1382                 Input_Event         => E40,
 1383                 Output_Event        => O40,
 1384                 Activity_Operation  => C40,
 1385                 Activity_Server     => SC40)));
 1386Transaction (
 1387        Type    => Regular,
 1388        Name    => T41,
 1389        External_Events => (
 1390                (Type   => Periodic,
 1391                 Name   => E41,
 1392                 Period => 476280)),
 1393        Internal_Events => (
 1394                (Type   => regular,
 1395                 name   => O41)),
 1396        Event_Handlers => (
 1397                (Type                => Activity,
 1398                 Input_Event         => E41,
 1399                 Output_Event        => O41,
 1400                 Activity_Operation  => C41,
 1401                 Activity_Server     => SC41)));
 1402Transaction (
 1403        Type    => Regular,
 1404        Name    => T42,
 1405        External_Events => (
 1406                (Type   => Periodic,
 1407                 Name   => E42,
 1408                 Period => 486000)),
 1409        Internal_Events => (
 1410                (Type   => regular,
 1411                 name   => O42)),
 1412        Event_Handlers => (
 1413                (Type                => Activity,
 1414                 Input_Event         => E42,
 1415                 Output_Event        => O42,
 1416                 Activity_Operation  => C42,
 1417                 Activity_Server     => SC42)));
 1418Transaction (
 1419        Type    => Regular,
 1420        Name    => T43,
 1421        External_Events => (
 1422                (Type   => Periodic,
 1423                 Name   => E43,
 1424                 Period => 529200)),
 1425        Internal_Events => (
 1426                (Type   => regular,
 1427                 name   => O43)),
 1428        Event_Handlers => (
 1429                (Type                => Activity,
 1430                 Input_Event         => E43,
 1431                 Output_Event        => O43,
 1432                 Activity_Operation  => C43,
 1433                 Activity_Server     => SC43)));
 1434Transaction (
 1435        Type    => Regular,
 1436        Name    => T44,
 1437        External_Events => (
 1438                (Type   => Periodic,
 1439                 Name   => E44,
 1440                 Period => 540000)),
 1441        Internal_Events => (
 1442                (Type   => regular,
 1443                 name   => O44)),
 1444        Event_Handlers => (
 1445                (Type                => Activity,
 1446                 Input_Event         => E44,
 1447                 Output_Event        => O44,
 1448                 Activity_Operation  => C44,
 1449                 Activity_Server     => SC44)));
 1450Transaction (
 1451        Type    => Regular,
 1452        Name    => T45,
 1453        External_Events => (
 1454                (Type   => Periodic,
 1455                 Name   => E45,
 1456                 Period => 551250)),
 1457        Internal_Events => (
 1458                (Type   => regular,
 1459                 name   => O45)),
 1460        Event_Handlers => (
 1461                (Type                => Activity,
 1462                 Input_Event         => E45,
 1463                 Output_Event        => O45,
 1464                 Activity_Operation  => C45,
 1465                 Activity_Server     => SC45)));
 1466Transaction (
 1467        Type    => Regular,
 1468        Name    => T46,
 1469        External_Events => (
 1470                (Type   => Periodic,
 1471                 Name   => E46,
 1472                 Period => 560000)),
 1473        Internal_Events => (
 1474                (Type   => regular,
 1475                 name   => O46)),
 1476        Event_Handlers => (
 1477                (Type                => Activity,
 1478                 Input_Event         => E46,
 1479                 Output_Event        => O46,
 1480                 Activity_Operation  => C46,
 1481                 Activity_Server     => SC46)));
 1482Transaction (
 1483        Type    => Regular,
 1484        Name    => T47,
 1485        External_Events => (
 1486                (Type   => Periodic,
 1487                 Name   => E47,
 1488                 Period => 567000)),
 1489        Internal_Events => (
 1490                (Type   => regular,
 1491                 name   => O47)),
 1492        Event_Handlers => (
 1493                (Type                => Activity,
 1494                 Input_Event         => E47,
 1495                 Output_Event        => O47,
 1496                 Activity_Operation  => C47,
 1497                 Activity_Server     => SC47)));
 1498Transaction (
 1499        Type    => Regular,
 1500        Name    => T48,
 1501        External_Events => (
 1502                (Type   => Periodic,
 1503                 Name   => E48,
 1504                 Period => 595350)),
 1505        Internal_Events => (
 1506                (Type   => regular,
 1507                 name   => O48)),
 1508        Event_Handlers => (
 1509                (Type                => Activity,
 1510                 Input_Event         => E48,
 1511                 Output_Event        => O48,
 1512                 Activity_Operation  => C48,
 1513                 Activity_Server     => SC48)));
 1514Transaction (
 1515        Type    => Regular,
 1516        Name    => T49,
 1517        External_Events => (
 1518                (Type   => Periodic,
 1519                 Name   => E49,
 1520                 Period => 604800)),
 1521        Internal_Events => (
 1522                (Type   => regular,
 1523                 name   => O49)),
 1524        Event_Handlers => (
 1525                (Type                => Activity,
 1526                 Input_Event         => E49,
 1527                 Output_Event        => O49,
 1528                 Activity_Operation  => C49,
 1529                 Activity_Server     => SC49)));
 1530Transaction (
 1531        Type    => Regular,
 1532        Name    => T50,
 1533        External_Events => (
 1534                (Type   => Periodic,
 1535                 Name   => E50,
 1536                 Period => 607500)),
 1537        Internal_Events => (
 1538                (Type   => regular,
 1539                 name   => O50)),
 1540        Event_Handlers => (
 1541                (Type                => Activity,
 1542                 Input_Event         => E50,
 1543                 Output_Event        => O50,
 1544                 Activity_Operation  => C50,
 1545                 Activity_Server     => SC50)));
 1546Transaction (
 1547        Type    => Regular,
 1548        Name    => T51,
 1549        External_Events => (
 1550                (Type   => Periodic,
 1551                 Name   => E51,
 1552                 Period => 648000)),
 1553        Internal_Events => (
 1554                (Type   => regular,
 1555                 name   => O51)),
 1556        Event_Handlers => (
 1557                (Type                => Activity,
 1558                 Input_Event         => E51,
 1559                 Output_Event        => O51,
 1560                 Activity_Operation  => C51,
 1561                 Activity_Server     => SC51)));
 1562Transaction (
 1563        Type    => Regular,
 1564        Name    => T52,
 1565        External_Events => (
 1566                (Type   => Periodic,
 1567                 Name   => E52,
 1568                 Period => 661500)),
 1569        Internal_Events => (
 1570                (Type   => regular,
 1571                 name   => O52)),
 1572        Event_Handlers => (
 1573                (Type                => Activity,
 1574                 Input_Event         => E52,
 1575                 Output_Event        => O52,
 1576                 Activity_Operation  => C52,
 1577                 Activity_Server     => SC52)));

